[INFO] 21:34:59:182 LOGGER/(12935:13083): PID: 1 - Tamaño Actual: 960 - Tamaño a Reducir: 256
[INFO] 21:35:01:186 LOGGER/(12935:13083): PID: 1 - Pagina: 0 - Frame: 0
[INFO] 21:35:02:186 LOGGER/(12935:13083): PID: 1 - Accion: ESCRIBIR - Direccion fisica: 0 - Tamaño 4
[INFO] 21:35:04:191 LOGGER/(12935:13083): PID: 1 - Frames Necesarios: 33 - Frames Disponibles: 24
[INFO] 21:35:04:191 LOGGER/(12935:13083): PID: 1 - Frames Proceso: 256
[INFO] 21:35:04:191 LOGGER/(12935:13083): PID: 1 - Tamaño Actual: 256 - Tamaño a Ampliar: 1056
[INFO] 21:35:09:200 LOGGER/(12935:13150): PID: 1 - Accion: DESTRUIR - Tamaño: 32
[INFO] 21:43:58:292 LOGGER/(14332:14383): PID: 1 - Accion: CREAR - Tamaño: 0
[INFO] 21:44:01:297 LOGGER/(14332:14359): PID: 1 - Frames Necesarios: 30 - Frames Disponibles sin contar los add: 32
[INFO] 21:44:01:297 LOGGER/(14332:14359): PID: 1 - Tamanio proceso: 0
[INFO] 21:44:01:297 LOGGER/(14332:14359): PID: 1 - Cantidad de frames disponbibles totales: 32
[INFO] 21:44:01:297 LOGGER/(14332:14359): PID: 1 - Tamaño Actual: 0 - Tamaño a Ampliar: 960
[INFO] 21:44:04:301 LOGGER/(14332:14359): PID: 1 - Frames Necesarios: 8 - Frames Disponibles sin contar los add: 2
[INFO] 21:44:04:301 LOGGER/(14332:14359): PID: 1 - Tamanio proceso: 960
[INFO] 21:44:04:301 LOGGER/(14332:14359): PID: 1 - Cantidad de frames disponbibles totales: 32
[INFO] 21:44:04:301 LOGGER/(14332:14359): PID: 1 - Tamaño Actual: 960 - Tamaño a Reducir: 256
[INFO] 21:44:06:318 LOGGER/(14332:14359): PID: 1 - Pagina: 0 - Frame: 0
[INFO] 21:44:07:319 LOGGER/(14332:14359): PID: 1 - Accion: ESCRIBIR - Direccion fisica: 0 - Tamaño 4
[INFO] 21:44:09:320 LOGGER/(14332:14359): PID: 1 - Frames Necesarios: 33 - Frames Disponibles sin contar los add: 24
[INFO] 21:44:09:320 LOGGER/(14332:14359): PID: 1 - Tamanio proceso: 256
[INFO] 21:44:09:320 LOGGER/(14332:14359): PID: 1 - Cantidad de frames disponbibles totales: 32
[INFO] 21:44:10:322 LOGGER/(14332:14383): PID: 1 - Accion: DESTRUIR - Tamaño: 8
