[INFO] 21:33:05:499 LOGGER/(36157:36157): Conexion establecida con Memoria
[INFO] 21:33:08:586 LOGGER/(36157:36183): Servidor iniciado, esperando conexiones!
[INFO] 21:33:09:250 LOGGER/(36157:36183): Se conecto un cliente de dispatch!

[INFO] 21:33:09:250 LOGGER/(36157:36183): Esperando cliente...
[INFO] 21:33:09:251 LOGGER/(36157:36184): Se conecto un cliente de interrupt!

[INFO] 21:33:19:708 LOGGER/(36157:36183): PID: 1 - TLB MISS - Pagina: 0
[INFO] 21:33:19:716 LOGGER/(36157:36183): PID: 1 - OBTENER MARCO - Página: 0 - Marco: 0
[INFO] 21:33:20:746 LOGGER/(36157:36183): PID: 1 - TLB HIT - Pagina: 0
[INFO] 21:33:22:758 LOGGER/(36157:36183): PID: 1 - TLB MISS - Pagina: 64
[INFO] 21:33:22:759 LOGGER/(36157:36183): PID: 1 - OBTENER MARCO - Página: 64 - Marco: -1
[INFO] 21:33:23:763 LOGGER/(36157:36183): PID: 1 - TLB HIT - Pagina: 64
[INFO] 21:33:25:769 LOGGER/(36157:36183): PID: 1 - TLB MISS - Pagina: 16512
[INFO] 21:33:25:772 LOGGER/(36157:36183): PID: 1 - OBTENER MARCO - Página: 16512 - Marco: -1
[INFO] 21:33:25:778 LOGGER/(36157:36183): TLB elimina victima - PID: 1 - Pagina: 0
[INFO] 21:33:26:785 LOGGER/(36157:36183): PID: 1 - TLB HIT - Pagina: 16512
[INFO] 21:33:28:789 LOGGER/(36157:36183): PID: 1 - TLB MISS - Pagina: 4227264
[INFO] 21:33:28:790 LOGGER/(36157:36183): PID: 1 - OBTENER MARCO - Página: 4227264 - Marco: -1
[INFO] 21:33:28:790 LOGGER/(36157:36183): TLB elimina victima - PID: 1 - Pagina: 64
[INFO] 21:33:29:795 LOGGER/(36157:36183): PID: 1 - TLB HIT - Pagina: 4227264
[INFO] 21:42:50:201 LOGGER/(37487:37487): Conexion establecida con Memoria
[INFO] 21:42:53:276 LOGGER/(37487:37532): Servidor iniciado, esperando conexiones!
[INFO] 21:43:05:827 LOGGER/(37487:37532): Se conecto un cliente de dispatch!

[INFO] 21:43:05:828 LOGGER/(37487:37532): Esperando cliente...
[INFO] 21:43:05:830 LOGGER/(37487:37533): Se conecto un cliente de interrupt!

[INFO] 21:43:19:591 LOGGER/(37487:37532): PID: 1 - TLB MISS - Pagina: 0
[INFO] 21:43:19:597 LOGGER/(37487:37532): PID: 1 - OBTENER MARCO - Página: 0 - Marco: 0
[INFO] 21:43:20:616 LOGGER/(37487:37532): PID: 1 - TLB HIT - Pagina: 0
[INFO] 21:43:22:639 LOGGER/(37487:37532): PID: 1 - TLB HIT - Pagina: 0
[INFO] 21:43:23:647 LOGGER/(37487:37532): PID: 1 - TLB HIT - Pagina: 0
[INFO] 21:43:25:658 LOGGER/(37487:37532): PID: 1 - TLB HIT - Pagina: 0
[INFO] 21:43:26:666 LOGGER/(37487:37532): PID: 1 - TLB HIT - Pagina: 0
[INFO] 21:43:28:671 LOGGER/(37487:37532): PID: 1 - TLB HIT - Pagina: 0
[INFO] 21:43:29:676 LOGGER/(37487:37532): PID: 1 - TLB HIT - Pagina: 0
[INFO] 21:51:35:113 LOGGER/(39331:39331): Conexion establecida con Memoria
[INFO] 21:51:38:190 LOGGER/(39331:39375): Servidor iniciado, esperando conexiones!
[INFO] 21:51:51:368 LOGGER/(39331:39375): Se conecto un cliente de dispatch!

[INFO] 21:51:51:368 LOGGER/(39331:39375): Esperando cliente...
[INFO] 21:51:51:370 LOGGER/(39331:39376): Se conecto un cliente de interrupt!

[INFO] 21:52:06:727 LOGGER/(39331:39375): PID: 1 - TLB MISS - Pagina: 0
[INFO] 21:52:06:731 LOGGER/(39331:39375): PID: 1 - OBTENER MARCO - Página: 0 - Marco: 0
[INFO] 21:52:06:734 LOGGER/(39331:39375): PID: 1 - TLB MISS - Pagina: 1
[INFO] 21:52:06:735 LOGGER/(39331:39375): PID: 1 - OBTENER MARCO - Página: 1 - Marco: 1
[INFO] 21:52:09:745 LOGGER/(39331:39375): PID: 1 - TLB HIT - Pagina: 0
[INFO] 21:52:09:745 LOGGER/(39331:39375): PID: 1 - TLB HIT - Pagina: 1
[INFO] 22:19:29:218 LOGGER/(41827:41827): Conexion establecida con Memoria
[INFO] 22:19:32:308 LOGGER/(41827:41865): Servidor iniciado, esperando conexiones!
[INFO] 22:19:33:432 LOGGER/(41827:41865): Se conecto un cliente de dispatch!

[INFO] 22:19:33:433 LOGGER/(41827:41865): Esperando cliente...
[INFO] 22:19:33:434 LOGGER/(41827:41866): Se conecto un cliente de interrupt!

[INFO] 22:19:54:464 LOGGER/(41827:41865): PID: 1 - TLB MISS - Pagina: 0
[INFO] 22:19:54:475 LOGGER/(41827:41865): PID: 1 - OBTENER MARCO - Página: 0 - Marco: 0
[INFO] 22:19:54:481 LOGGER/(41827:41865): PID: 1 - TLB MISS - Pagina: 1
[INFO] 22:19:54:482 LOGGER/(41827:41865): PID: 1 - OBTENER MARCO - Página: 1 - Marco: 1
[INFO] 22:19:57:508 LOGGER/(41827:41865): PID: 1 - TLB HIT - Pagina: 0
[INFO] 22:19:57:509 LOGGER/(41827:41865): PID: 1 - TLB HIT - Pagina: 1
[INFO] 22:28:09:742 LOGGER/(42893:42893): Conexion establecida con Memoria
[INFO] 22:28:12:808 LOGGER/(42893:42931): Servidor iniciado, esperando conexiones!
[INFO] 22:28:13:561 LOGGER/(42893:42931): Se conecto un cliente de dispatch!

[INFO] 22:28:13:561 LOGGER/(42893:42931): Esperando cliente...
[INFO] 22:28:13:563 LOGGER/(42893:42932): Se conecto un cliente de interrupt!

[INFO] 22:28:36:282 LOGGER/(42893:42931): PID: 1 - TLB MISS - Pagina: 0
[INFO] 22:28:36:285 LOGGER/(42893:42931): PID: 1 - OBTENER MARCO - Página: 0 - Marco: 0
[INFO] 22:28:36:290 LOGGER/(42893:42931): PID: 1 - TLB MISS - Pagina: 1
[INFO] 22:28:36:291 LOGGER/(42893:42931): PID: 1 - OBTENER MARCO - Página: 1 - Marco: 1
[INFO] 22:28:39:310 LOGGER/(42893:42931): PID: 1 - TLB HIT - Pagina: 0
[INFO] 22:28:39:310 LOGGER/(42893:42931): PID: 1 - TLB HIT - Pagina: 1
[INFO] 22:39:05:603 LOGGER/(43763:43763): Conexion establecida con Memoria
[INFO] 22:39:08:678 LOGGER/(43763:43807): Servidor iniciado, esperando conexiones!
[INFO] 22:39:11:187 LOGGER/(43763:43807): Se conecto un cliente de dispatch!

[INFO] 22:39:11:188 LOGGER/(43763:43807): Esperando cliente...
[INFO] 22:39:11:191 LOGGER/(43763:43808): Se conecto un cliente de interrupt!

[INFO] 22:39:45:415 LOGGER/(43763:43807): PID: 1 - TLB MISS - Pagina: 0
[INFO] 22:39:45:424 LOGGER/(43763:43807): PID: 1 - OBTENER MARCO - Página: 0 - Marco: 0
[INFO] 22:39:45:429 LOGGER/(43763:43807): PID: 1 - TLB MISS - Pagina: 1
[INFO] 22:39:45:431 LOGGER/(43763:43807): PID: 1 - OBTENER MARCO - Página: 1 - Marco: 1
[INFO] 22:39:48:446 LOGGER/(43763:43807): PID: 1 - TLB HIT - Pagina: 0
[INFO] 22:39:48:447 LOGGER/(43763:43807): PID: 1 - TLB HIT - Pagina: 1
[INFO] 22:41:44:759 LOGGER/(44419:44419): Conexion establecida con Memoria
[INFO] 22:41:47:834 LOGGER/(44419:44474): Servidor iniciado, esperando conexiones!
[INFO] 22:41:48:385 LOGGER/(44419:44474): Se conecto un cliente de dispatch!

[INFO] 22:41:48:388 LOGGER/(44419:44474): Esperando cliente...
[INFO] 22:41:48:398 LOGGER/(44419:44475): Se conecto un cliente de interrupt!

[INFO] 22:42:07:968 LOGGER/(44419:44474): PID: 1 - TLB MISS - Pagina: 0
[INFO] 22:42:07:980 LOGGER/(44419:44474): PID: 1 - OBTENER MARCO - Página: 0 - Marco: 0
[INFO] 22:42:07:989 LOGGER/(44419:44474): PID: 1 - TLB MISS - Pagina: 1
[INFO] 22:42:07:990 LOGGER/(44419:44474): PID: 1 - OBTENER MARCO - Página: 1 - Marco: 1
[INFO] 22:47:29:887 LOGGER/(45423:45423): Conexion establecida con Memoria
[INFO] 22:47:33:009 LOGGER/(45423:45504): Servidor iniciado, esperando conexiones!
[INFO] 22:48:56:788 LOGGER/(45914:45914): Conexion establecida con Memoria
[INFO] 22:48:59:883 LOGGER/(45914:45995): Servidor iniciado, esperando conexiones!
[INFO] 22:50:43:782 LOGGER/(46318:46318): Conexion establecida con Memoria
[INFO] 22:50:46:858 LOGGER/(46318:46386): Servidor iniciado, esperando conexiones!
[INFO] 22:52:06:998 LOGGER/(47061:47061): Conexion establecida con Memoria
[INFO] 22:52:10:088 LOGGER/(47061:47099): Servidor iniciado, esperando conexiones!
[INFO] 22:52:15:073 LOGGER/(47061:47099): Se conecto un cliente de dispatch!

[INFO] 22:52:15:074 LOGGER/(47061:47099): Esperando cliente...
[INFO] 22:52:15:075 LOGGER/(47061:47100): Se conecto un cliente de interrupt!

[INFO] 22:52:37:093 LOGGER/(47061:47099): PID: 1 - TLB MISS - Pagina: 0
[INFO] 22:52:37:096 LOGGER/(47061:47099): PID: 1 - OBTENER MARCO - Página: 0 - Marco: 0
[INFO] 22:52:37:100 LOGGER/(47061:47099): PID: 1 - TLB MISS - Pagina: 1
[INFO] 22:52:37:101 LOGGER/(47061:47099): PID: 1 - OBTENER MARCO - Página: 1 - Marco: 1
[INFO] 22:52:40:117 LOGGER/(47061:47099): PID: 1 - TLB HIT - Pagina: 0
[INFO] 22:52:40:118 LOGGER/(47061:47099): PID: 1 - TLB HIT - Pagina: 1
