[INFO] 14:13:10:533 LOGGER/(11863:11863): Conexion establecida con Memoria
[INFO] 14:13:10:595 LOGGER/(11863:11863): Conexion establecida con Dispatcher
[INFO] 14:13:10:608 LOGGER/(11863:11863): Conexion establecida con Interrupt
[INFO] 14:13:10:753 LOGGER/(11863:11863): Servidor iniciado, esperando conexiones!
[INFO] 14:13:27:675 LOGGER/(11863:11897): Se crea el proceso: 1 en NEW
[INFO] 14:13:27:678 LOGGER/(11863:11891): Hay proceso esperando en la cola de NEW!

[INFO] 14:13:27:679 LOGGER/(11863:11891): Grado de multiprogramaci贸n permite agregar proceso a ready

[INFO] 14:13:27:687 LOGGER/(11863:11891): PID: 1 - Estado Anterior: NEW - Estado Actual: READY
[INFO] 14:13:27:693 LOGGER/(11863:11892): PID: 1 - Estado Anterior: READY - Estado Actual: EXEC
[INFO] 14:13:30:458 LOGGER/(11863:12187): envie interrupcion para PID 1 despues de 2750
[INFO] 14:13:30:752 LOGGER/(11863:11892): El quantum restante del proceso con PID 1 es: 0
[INFO] 14:13:30:754 LOGGER/(11863:11892): PID: 1 - Desalojado por fin de Quantum
[INFO] 14:13:30:755 LOGGER/(11863:11892): PID: 1 - Estado Anterior: EXEC - Estado Actual: READY
[INFO] 14:13:30:755 LOGGER/(11863:11892): PID: 1 - Estado Anterior: READY - Estado Actual: EXEC
[INFO] 14:13:32:692 LOGGER/(11863:11897): Se crea el proceso: 2 en NEW
[INFO] 14:13:32:694 LOGGER/(11863:11891): Hay proceso esperando en la cola de NEW!

[INFO] 14:13:32:697 LOGGER/(11863:11891): Grado de multiprogramaci贸n permite agregar proceso a ready

[INFO] 14:13:32:698 LOGGER/(11863:11891): PID: 2 - Estado Anterior: NEW - Estado Actual: READY
[INFO] 14:13:33:512 LOGGER/(11863:12246): envie interrupcion para PID 1 despues de 2750
[INFO] 14:13:33:765 LOGGER/(11863:11892): El quantum restante del proceso con PID 1 es: 0
[INFO] 14:13:33:766 LOGGER/(11863:11892): PID: 1 - Desalojado por fin de Quantum
[INFO] 14:13:33:766 LOGGER/(11863:11892): PID: 1 - Estado Anterior: EXEC - Estado Actual: READY
[INFO] 14:13:33:766 LOGGER/(11863:11892): PID: 2 - Estado Anterior: READY - Estado Actual: EXEC
[INFO] 14:13:35:788 LOGGER/(11863:11892): El quantum restante del proceso con PID 2 es: 736
[INFO] 14:13:35:791 LOGGER/(11863:11892): PID: 2 - Estado Anterior: EXEC - Estado Actual: BLOCKED
[INFO] 14:13:35:793 LOGGER/(11863:11892): PID: 2 - Bloqueado por: mati
[INFO] 14:13:35:830 LOGGER/(11863:11892): PID: 1 - Estado Anterior: READY - Estado Actual: EXEC
[INFO] 14:13:36:834 LOGGER/(11863:11892): El quantum restante del proceso con PID 1 es: 1752
[INFO] 14:13:36:835 LOGGER/(11863:11892): Finaliza el proceso 1 - Motivo: SUCCESS
[INFO] 14:13:36:835 LOGGER/(11863:11892): PID: 1 - Estado Anterior: EXEC - Estado Actual: EXIT
[INFO] 14:13:37:699 LOGGER/(11863:11897): Se crea el proceso: 3 en NEW
[INFO] 14:13:37:701 LOGGER/(11863:11891): Hay proceso esperando en la cola de NEW!

[INFO] 14:13:37:704 LOGGER/(11863:11891): Grado de multiprogramaci贸n permite agregar proceso a ready

[INFO] 14:13:37:704 LOGGER/(11863:11891): PID: 3 - Estado Anterior: NEW - Estado Actual: READY
[INFO] 14:13:37:705 LOGGER/(11863:11892): PID: 3 - Estado Anterior: READY - Estado Actual: EXEC
[INFO] 14:13:37:795 LOGGER/(11863:12068): PID: 2 - Estado Anterior: BLOCKED - Estado Actual: READY_PLUS
[INFO] 14:13:37:795 LOGGER/(11863:12068): Cola Ready Prioridad: 2 

[INFO] 14:13:40:473 LOGGER/(11863:12329): envie interrupcion para PID 3 despues de 2750
[INFO] 14:13:40:725 LOGGER/(11863:11892): El quantum restante del proceso con PID 3 es: 0
[INFO] 14:13:40:726 LOGGER/(11863:11892): PID: 3 - Desalojado por fin de Quantum
[INFO] 14:13:40:726 LOGGER/(11863:11892): PID: 3 - Estado Anterior: EXEC - Estado Actual: READY
[INFO] 14:13:40:727 LOGGER/(11863:11892): Proximo PID de la cola Ready Plus: 2
[INFO] 14:13:40:727 LOGGER/(11863:11892): PID: 2 - Estado Anterior: READY_PLUS - Estado Actual: EXEC
[INFO] 14:13:41:471 LOGGER/(11863:12397): envie interrupcion para PID 2 despues de 736
[INFO] 14:13:41:733 LOGGER/(11863:11892): El quantum restante del proceso con PID 2 es: 0
[INFO] 14:13:41:733 LOGGER/(11863:11892): PID: 2 - Desalojado por fin de Quantum
[INFO] 14:13:41:734 LOGGER/(11863:11892): PID: 2 - Estado Anterior: EXEC - Estado Actual: READY
[INFO] 14:13:41:734 LOGGER/(11863:11892): PID: 3 - Estado Anterior: READY - Estado Actual: EXEC
[INFO] 14:13:42:704 LOGGER/(11863:11897): Se crea el proceso: 4 en NEW
[INFO] 14:13:42:706 LOGGER/(11863:11891): Hay proceso esperando en la cola de NEW!

[INFO] 14:13:42:709 LOGGER/(11863:11891): Grado de multiprogramaci贸n permite agregar proceso a ready

[INFO] 14:13:42:710 LOGGER/(11863:11891): PID: 4 - Estado Anterior: NEW - Estado Actual: READY
[INFO] 14:13:42:742 LOGGER/(11863:11892): El quantum restante del proceso con PID 3 es: 1751
[INFO] 14:13:42:742 LOGGER/(11863:11892): PID: 3 - Estado Anterior: EXEC - Estado Actual: BLOCKED
[INFO] 14:13:42:742 LOGGER/(11863:11892): PID: 3 - Bloqueado por: caro
[INFO] 14:13:42:744 LOGGER/(11863:11892): PID: 2 - Estado Anterior: READY - Estado Actual: EXEC
[INFO] 14:13:43:755 LOGGER/(11863:11892): El quantum restante del proceso con PID 2 es: 1746
[INFO] 14:13:43:755 LOGGER/(11863:11892): PID: 2 - Estado Anterior: EXEC - Estado Actual: BLOCKED
[INFO] 14:13:43:756 LOGGER/(11863:11892): PID: 2 - Bloqueado por: mati
[INFO] 14:13:43:756 LOGGER/(11863:11892): PID: 4 - Estado Anterior: READY - Estado Actual: EXEC
[INFO] 14:13:45:759 LOGGER/(11863:12068): PID: 2 - Estado Anterior: BLOCKED - Estado Actual: READY_PLUS
[INFO] 14:13:45:759 LOGGER/(11863:12068): Cola Ready Prioridad: 2 

[INFO] 14:13:46:512 LOGGER/(11863:12441): envie interrupcion para PID 4 despues de 2750
[INFO] 14:13:46:763 LOGGER/(11863:11892): El quantum restante del proceso con PID 4 es: 0
[INFO] 14:13:46:764 LOGGER/(11863:11892): PID: 4 - Desalojado por fin de Quantum
[INFO] 14:13:46:765 LOGGER/(11863:11892): PID: 4 - Estado Anterior: EXEC - Estado Actual: READY
[INFO] 14:13:46:765 LOGGER/(11863:11892): Proximo PID de la cola Ready Plus: 2
[INFO] 14:13:46:766 LOGGER/(11863:11892): PID: 2 - Estado Anterior: READY_PLUS - Estado Actual: EXEC
[INFO] 14:13:48:524 LOGGER/(11863:12508): envie interrupcion para PID 2 despues de 1746
[INFO] 14:13:48:773 LOGGER/(11863:11892): El quantum restante del proceso con PID 2 es: 0
[INFO] 14:13:48:773 LOGGER/(11863:11892): PID: 2 - Desalojado por fin de Quantum
[INFO] 14:13:48:773 LOGGER/(11863:11892): PID: 2 - Estado Anterior: EXEC - Estado Actual: READY
[INFO] 14:13:48:773 LOGGER/(11863:11892): PID: 4 - Estado Anterior: READY - Estado Actual: EXEC
[INFO] 14:13:51:530 LOGGER/(11863:12543): envie interrupcion para PID 4 despues de 2750
[INFO] 14:13:51:796 LOGGER/(11863:11892): El quantum restante del proceso con PID 4 es: 0
[INFO] 14:13:51:797 LOGGER/(11863:11892): PID: 4 - Desalojado por fin de Quantum
[INFO] 14:13:51:797 LOGGER/(11863:11892): PID: 4 - Estado Anterior: EXEC - Estado Actual: READY
[INFO] 14:13:51:798 LOGGER/(11863:11892): PID: 2 - Estado Anterior: READY - Estado Actual: EXEC
[INFO] 14:13:52:802 LOGGER/(11863:11892): El quantum restante del proceso con PID 2 es: 1757
[INFO] 14:13:52:803 LOGGER/(11863:11892): Finaliza el proceso 2 - Motivo: SUCCESS
[INFO] 14:13:52:805 LOGGER/(11863:11892): PID: 2 - Estado Anterior: EXEC - Estado Actual: EXIT
[INFO] 14:13:52:806 LOGGER/(11863:11892): PID: 4 - Estado Anterior: READY - Estado Actual: EXEC
[INFO] 14:13:55:568 LOGGER/(11863:12601): envie interrupcion para PID 4 despues de 2750
[INFO] 14:13:55:823 LOGGER/(11863:11892): El quantum restante del proceso con PID 4 es: 0
[INFO] 14:13:55:823 LOGGER/(11863:11892): Finaliza el proceso 4 - Motivo: SUCCESS
[INFO] 14:13:55:824 LOGGER/(11863:11892): PID: 4 - Estado Anterior: EXEC - Estado Actual: EXIT
[INFO] 14:14:07:754 LOGGER/(11863:11956): PID: 3 - Estado Anterior: BLOCKED - Estado Actual: READY_PLUS
[INFO] 14:14:07:755 LOGGER/(11863:11956): Cola Ready Prioridad: 3 

[INFO] 14:14:07:756 LOGGER/(11863:11892): Proximo PID de la cola Ready Plus: 3
[INFO] 14:14:07:756 LOGGER/(11863:11892): PID: 3 - Estado Anterior: READY_PLUS - Estado Actual: EXEC
[INFO] 14:14:09:513 LOGGER/(11863:12723): envie interrupcion para PID 3 despues de 1751
[INFO] 14:14:09:766 LOGGER/(11863:11892): El quantum restante del proceso con PID 3 es: 0
[INFO] 14:14:09:767 LOGGER/(11863:11892): PID: 3 - Desalojado por fin de Quantum
[INFO] 14:14:09:767 LOGGER/(11863:11892): PID: 3 - Estado Anterior: EXEC - Estado Actual: READY
[INFO] 14:14:09:767 LOGGER/(11863:11892): PID: 3 - Estado Anterior: READY - Estado Actual: EXEC
[INFO] 14:14:12:520 LOGGER/(11863:12773): envie interrupcion para PID 3 despues de 2750
[INFO] 14:14:12:773 LOGGER/(11863:11892): El quantum restante del proceso con PID 3 es: 0
[INFO] 14:14:12:774 LOGGER/(11863:11892): PID: 3 - Desalojado por fin de Quantum
[INFO] 14:14:12:775 LOGGER/(11863:11892): PID: 3 - Estado Anterior: EXEC - Estado Actual: READY
[INFO] 14:14:12:775 LOGGER/(11863:11892): PID: 3 - Estado Anterior: READY - Estado Actual: EXEC
[INFO] 14:14:13:777 LOGGER/(11863:11892): El quantum restante del proceso con PID 3 es: 1750
[INFO] 14:14:13:778 LOGGER/(11863:11892): Finaliza el proceso 3 - Motivo: SUCCESS
[INFO] 14:14:13:778 LOGGER/(11863:11892): PID: 3 - Estado Anterior: EXEC - Estado Actual: EXIT
