[INFO] 01:31:39:843 LOGGER/(5550:5550): Conexion establecida con Memoria
[INFO] 01:31:39:880 LOGGER/(5550:5550): Conexion establecida con Dispatcher
[INFO] 01:31:39:885 LOGGER/(5550:5550): Conexion establecida con Interrupt
[INFO] 01:31:39:965 LOGGER/(5550:5550): Servidor iniciado, esperando conexiones!
[INFO] 01:32:14:460 LOGGER/(5550:5566): Se armo un paquete con este PATH: /script_solo_cpu_1

[INFO] 01:32:24:467 LOGGER/(5550:5566): Se crea el proceso: 1 en NEW
[INFO] 01:32:24:468 LOGGER/(5550:5563): Hay proceso esperando en la cola de NEW!

[INFO] 01:32:24:469 LOGGER/(5550:5563): Grado de multiprogramación permite agregar proceso a ready

[INFO] 01:32:24:470 LOGGER/(5550:5563): PID: 1 - Estado Anterior: 0 - Estado Actual: 1
[INFO] 01:32:24:472 LOGGER/(5550:5564): PID: 1 - Estado Anterior: 1 - Estado Actual: 3
[INFO] 01:35:20:383 LOGGER/(6364:6364): Conexion establecida con Memoria
[INFO] 01:35:20:422 LOGGER/(6364:6364): Conexion establecida con Dispatcher
[INFO] 01:35:20:435 LOGGER/(6364:6364): Conexion establecida con Interrupt
[INFO] 01:35:20:507 LOGGER/(6364:6364): Servidor iniciado, esperando conexiones!
[INFO] 01:35:27:811 LOGGER/(6364:6372): Se armo un paquete con este PATH: /script_solo_cpu_1

[INFO] 01:35:37:820 LOGGER/(6364:6372): Se crea el proceso: 1 en NEW
[INFO] 01:35:37:822 LOGGER/(6364:6369): Hay proceso esperando en la cola de NEW!

[INFO] 01:35:37:822 LOGGER/(6364:6369): Grado de multiprogramación permite agregar proceso a ready

[INFO] 01:35:37:823 LOGGER/(6364:6369): PID: 1 - Estado Anterior: 0 - Estado Actual: 1
[INFO] 01:35:37:826 LOGGER/(6364:6370): PID: 1 - Estado Anterior: 1 - Estado Actual: 3
[INFO] 01:36:23:216 LOGGER/(6364:6370): PID: 1 - Estado Anterior: 3 - Estado Actual: 4
[INFO] 02:10:30:160 LOGGER/(8440:8440): Conexion establecida con Memoria
[INFO] 02:10:30:199 LOGGER/(8440:8440): Conexion establecida con Dispatcher
[INFO] 02:10:30:212 LOGGER/(8440:8440): Conexion establecida con Interrupt
[INFO] 02:10:30:242 LOGGER/(8440:8440): Servidor iniciado, esperando conexiones!
[INFO] 02:10:41:224 LOGGER/(8440:8445): Se armo un paquete con este PATH: /script_solo_cpu_1

[INFO] 02:10:51:237 LOGGER/(8440:8445): Se crea el proceso: 1 en NEW
[INFO] 02:10:51:239 LOGGER/(8440:8442): Hay proceso esperando en la cola de NEW!

[INFO] 02:10:51:239 LOGGER/(8440:8442): Grado de multiprogramación permite agregar proceso a ready

[INFO] 02:10:51:240 LOGGER/(8440:8442): PID: 1 - Estado Anterior: 0 - Estado Actual: 1
[INFO] 02:10:51:242 LOGGER/(8440:8443): PID: 1 - Estado Anterior: 1 - Estado Actual: 3
[INFO] 02:10:52:256 LOGGER/(8440:8443): PID: 1 - Estado Anterior: 3 - Estado Actual: 4
[INFO] 02:16:10:478 LOGGER/(9227:9227): Conexion establecida con Memoria
[INFO] 02:16:10:518 LOGGER/(9227:9227): Conexion establecida con Dispatcher
[INFO] 02:16:10:522 LOGGER/(9227:9227): Conexion establecida con Interrupt
[INFO] 02:16:10:577 LOGGER/(9227:9227): Servidor iniciado, esperando conexiones!
[INFO] 02:16:18:681 LOGGER/(9227:9232): Se armo un paquete con este PATH: /script_solo_cpu_1

[INFO] 02:16:28:688 LOGGER/(9227:9232): Se crea el proceso: 1 en NEW
[INFO] 02:16:28:689 LOGGER/(9227:9229): Hay proceso esperando en la cola de NEW!

[INFO] 02:16:28:690 LOGGER/(9227:9229): Grado de multiprogramación permite agregar proceso a ready

[INFO] 02:16:28:691 LOGGER/(9227:9229): PID: 1 - Estado Anterior: 0 - Estado Actual: 1
[INFO] 02:16:28:693 LOGGER/(9227:9230): PID: 1 - Estado Anterior: 1 - Estado Actual: 3
[INFO] 02:16:29:706 LOGGER/(9227:9230): PID: 1 - Estado Anterior: 3 - Estado Actual: 4
[INFO] 02:19:59:959 LOGGER/(9891:9891): Conexion establecida con Memoria
[INFO] 02:20:00:012 LOGGER/(9891:9891): Conexion establecida con Dispatcher
[INFO] 02:20:00:019 LOGGER/(9891:9891): Conexion establecida con Interrupt
[INFO] 02:20:00:077 LOGGER/(9891:9891): Servidor iniciado, esperando conexiones!
[INFO] 02:20:06:676 LOGGER/(9891:9896): Se armo un paquete con este PATH: /script_solo_cpu_1

[INFO] 02:20:16:683 LOGGER/(9891:9896): Se crea el proceso: 1 en NEW
[INFO] 02:20:16:685 LOGGER/(9891:9893): Hay proceso esperando en la cola de NEW!

[INFO] 02:20:16:685 LOGGER/(9891:9893): Grado de multiprogramación permite agregar proceso a ready

[INFO] 02:20:16:686 LOGGER/(9891:9893): PID: 1 - Estado Anterior: 0 - Estado Actual: 1
[INFO] 02:20:16:688 LOGGER/(9891:9894): PID: 1 - Estado Anterior: 1 - Estado Actual: 3
[INFO] 02:20:17:702 LOGGER/(9891:9894): PID: 1 - Estado Anterior: 3 - Estado Actual: 4
[INFO] 02:22:32:942 LOGGER/(10535:10535): Conexion establecida con Memoria
[INFO] 02:22:32:977 LOGGER/(10535:10535): Conexion establecida con Dispatcher
[INFO] 02:22:32:983 LOGGER/(10535:10535): Conexion establecida con Interrupt
[INFO] 02:22:33:099 LOGGER/(10535:10535): Servidor iniciado, esperando conexiones!
[INFO] 02:22:38:700 LOGGER/(10535:10554): Se armo un paquete con este PATH: /script_solo_cpu_1

[INFO] 02:22:48:706 LOGGER/(10535:10554): Se crea el proceso: 1 en NEW
[INFO] 02:22:48:707 LOGGER/(10535:10546): Hay proceso esperando en la cola de NEW!

[INFO] 02:22:48:707 LOGGER/(10535:10546): Grado de multiprogramación permite agregar proceso a ready

[INFO] 02:22:48:708 LOGGER/(10535:10546): PID: 1 - Estado Anterior: 0 - Estado Actual: 1
[INFO] 02:22:48:710 LOGGER/(10535:10548): PID: 1 - Estado Anterior: 1 - Estado Actual: 3
[INFO] 02:22:49:725 LOGGER/(10535:10548): PID: 1 - Estado Anterior: 3 - Estado Actual: 4
[INFO] 02:30:02:735 LOGGER/(12175:12175): Conexion establecida con Memoria
[INFO] 02:30:02:777 LOGGER/(12175:12175): Conexion establecida con Dispatcher
[INFO] 02:30:02:783 LOGGER/(12175:12175): Conexion establecida con Interrupt
[INFO] 02:30:02:882 LOGGER/(12175:12175): Servidor iniciado, esperando conexiones!
[INFO] 02:30:28:433 LOGGER/(12175:12180): Se armo un paquete con este PATH: /script_solo_cpu_1

[INFO] 02:30:38:440 LOGGER/(12175:12180): Se crea el proceso: 1 en NEW
[INFO] 02:30:38:441 LOGGER/(12175:12177): Hay proceso esperando en la cola de NEW!

[INFO] 02:30:38:441 LOGGER/(12175:12177): Grado de multiprogramación permite agregar proceso a ready

[INFO] 02:30:38:442 LOGGER/(12175:12177): PID: 1 - Estado Anterior: 0 - Estado Actual: 1
[INFO] 02:30:38:443 LOGGER/(12175:12178): PID: 1 - Estado Anterior: 1 - Estado Actual: 3
[INFO] 02:35:06:174 LOGGER/(12175:12178): PID: 1 - Estado Anterior: 3 - Estado Actual: 4
[INFO] 02:37:54:222 LOGGER/(13583:13583): Conexion establecida con Memoria
[INFO] 02:37:54:245 LOGGER/(13583:13583): Conexion establecida con Dispatcher
[INFO] 02:37:54:247 LOGGER/(13583:13583): Conexion establecida con Interrupt
[INFO] 02:37:54:308 LOGGER/(13583:13583): Servidor iniciado, esperando conexiones!
[INFO] 02:38:03:481 LOGGER/(13583:13588): Se armo un paquete con este PATH: /script_solo_cou_1

[INFO] 02:38:13:487 LOGGER/(13583:13588): Se crea el proceso: 1 en NEW
[INFO] 02:38:13:488 LOGGER/(13583:13585): Hay proceso esperando en la cola de NEW!

[INFO] 02:38:13:488 LOGGER/(13583:13585): Grado de multiprogramación permite agregar proceso a ready

[INFO] 02:38:13:489 LOGGER/(13583:13585): PID: 1 - Estado Anterior: 0 - Estado Actual: 1
[INFO] 02:38:13:492 LOGGER/(13583:13586): PID: 1 - Estado Anterior: 1 - Estado Actual: 3
[INFO] 02:41:31:682 LOGGER/(14320:14320): Conexion establecida con Memoria
[INFO] 02:41:31:727 LOGGER/(14320:14320): Conexion establecida con Dispatcher
[INFO] 02:41:31:733 LOGGER/(14320:14320): Conexion establecida con Interrupt
[INFO] 02:41:31:785 LOGGER/(14320:14320): Servidor iniciado, esperando conexiones!
[INFO] 02:41:43:427 LOGGER/(14320:14325): Se armo un paquete con este PATH: /script_solo_cpu_1

[INFO] 02:41:53:436 LOGGER/(14320:14325): Se crea el proceso: 1 en NEW
[INFO] 02:41:53:437 LOGGER/(14320:14322): Hay proceso esperando en la cola de NEW!

[INFO] 02:41:53:438 LOGGER/(14320:14322): Grado de multiprogramación permite agregar proceso a ready

[INFO] 02:41:53:439 LOGGER/(14320:14322): PID: 1 - Estado Anterior: 0 - Estado Actual: 1
[INFO] 02:41:53:441 LOGGER/(14320:14323): PID: 1 - Estado Anterior: 1 - Estado Actual: 3
[INFO] 02:44:16:138 LOGGER/(14320:14323): PID: 1 - Estado Anterior: 3 - Estado Actual: 4
[INFO] 12:56:54:156 LOGGER/(2882:2882): Conexion establecida con Memoria
[INFO] 12:56:54:194 LOGGER/(2882:2882): Conexion establecida con Dispatcher
[INFO] 12:56:54:203 LOGGER/(2882:2882): Conexion establecida con Interrupt
[INFO] 12:56:54:255 LOGGER/(2882:2882): Servidor iniciado, esperando conexiones!
[INFO] 12:57:00:197 LOGGER/(2882:2887): Se armo un paquete con este PATH: /script_solo_cpu_1

[INFO] 12:57:10:203 LOGGER/(2882:2887): Se crea el proceso: 1 en NEW
[INFO] 12:57:10:204 LOGGER/(2882:2884): Hay proceso esperando en la cola de NEW!

[INFO] 12:57:10:205 LOGGER/(2882:2884): Grado de multiprogramación permite agregar proceso a ready

[INFO] 12:57:10:206 LOGGER/(2882:2884): PID: 1 - Estado Anterior: 0 - Estado Actual: 1
[INFO] 12:57:10:208 LOGGER/(2882:2885): PID: 1 - Estado Anterior: 1 - Estado Actual: 3
[INFO] 12:57:24:533 LOGGER/(2882:2885): PID: 1 - Estado Anterior: 3 - Estado Actual: 4
[INFO] 13:40:41:876 LOGGER/(6151:6151): Conexion establecida con Memoria
[INFO] 13:40:41:921 LOGGER/(6151:6151): Conexion establecida con Dispatcher
[INFO] 13:40:41:923 LOGGER/(6151:6151): Conexion establecida con Interrupt
[INFO] 13:40:41:981 LOGGER/(6151:6151): Servidor iniciado, esperando conexiones!
[INFO] 13:42:18:378 LOGGER/(6850:6850): Conexion establecida con Memoria
[INFO] 13:42:18:417 LOGGER/(6850:6850): Conexion establecida con Dispatcher
[INFO] 13:42:18:425 LOGGER/(6850:6850): Conexion establecida con Interrupt
[INFO] 13:42:18:481 LOGGER/(6850:6850): Servidor iniciado, esperando conexiones!
[INFO] 13:42:27:296 LOGGER/(6850:6855): Se armo un paquete con este PATH: /script_solo_cpu_1

[INFO] 13:42:37:309 LOGGER/(6850:6855): Se crea el proceso: 1 en NEW
[INFO] 13:42:37:310 LOGGER/(6850:6852): Hay proceso esperando en la cola de NEW!

[INFO] 13:42:37:311 LOGGER/(6850:6852): Grado de multiprogramación permite agregar proceso a ready

[INFO] 13:42:37:312 LOGGER/(6850:6852): PID: 1 - Estado Anterior: 0 - Estado Actual: 1
[INFO] 13:42:37:315 LOGGER/(6850:6853): PID: 1 - Estado Anterior: 1 - Estado Actual: 3
[INFO] 13:43:58:427 LOGGER/(6850:6853): PID: 1 - Estado Anterior: 3 - Estado Actual: 4
[INFO] 13:49:44:016 LOGGER/(7856:7856): Conexion establecida con Memoria
[INFO] 13:49:44:097 LOGGER/(7856:7856): Conexion establecida con Dispatcher
[INFO] 13:49:44:104 LOGGER/(7856:7856): Conexion establecida con Interrupt
[INFO] 13:49:44:265 LOGGER/(7856:7856): Servidor iniciado, esperando conexiones!
[INFO] 13:49:54:729 LOGGER/(7856:7872): Se armo un paquete con este PATH: /script_solo_cpu_1

[INFO] 13:50:04:738 LOGGER/(7856:7872): Se crea el proceso: 1 en NEW
[INFO] 13:50:04:739 LOGGER/(7856:7869): Hay proceso esperando en la cola de NEW!

[INFO] 13:50:04:739 LOGGER/(7856:7869): Grado de multiprogramación permite agregar proceso a ready

[INFO] 13:50:04:740 LOGGER/(7856:7869): PID: 1 - Estado Anterior: 0 - Estado Actual: 1
[INFO] 13:50:04:742 LOGGER/(7856:7870): PID: 1 - Estado Anterior: 1 - Estado Actual: 3
[INFO] 13:53:32:669 LOGGER/(7856:7870): PID: 1 - Estado Anterior: 3 - Estado Actual: 4
[INFO] 14:03:03:017 LOGGER/(10082:10082): Conexion establecida con Memoria
[INFO] 14:03:03:072 LOGGER/(10082:10082): Conexion establecida con Dispatcher
[INFO] 14:03:03:080 LOGGER/(10082:10082): Conexion establecida con Interrupt
[INFO] 14:03:03:122 LOGGER/(10082:10082): Servidor iniciado, esperando conexiones!
[INFO] 14:03:12:310 LOGGER/(10082:10090): Se armo un paquete con este PATH: /script_solo_cpu_1

[INFO] 14:03:22:316 LOGGER/(10082:10090): Se crea el proceso: 1 en NEW
[INFO] 14:03:22:318 LOGGER/(10082:10087): Hay proceso esperando en la cola de NEW!

[INFO] 14:03:22:318 LOGGER/(10082:10087): Grado de multiprogramación permite agregar proceso a ready

[INFO] 14:03:22:320 LOGGER/(10082:10087): PID: 1 - Estado Anterior: 0 - Estado Actual: 1
[INFO] 14:03:22:322 LOGGER/(10082:10088): PID: 1 - Estado Anterior: 1 - Estado Actual: 3
[INFO] 14:03:26:392 LOGGER/(10082:10088): PID: 1 - Estado Anterior: 3 - Estado Actual: 4
[INFO] 14:10:19:262 LOGGER/(11718:11718): Conexion establecida con Memoria
[INFO] 14:10:19:282 LOGGER/(11718:11718): Conexion establecida con Dispatcher
[INFO] 14:10:19:283 LOGGER/(11718:11718): Conexion establecida con Interrupt
[INFO] 14:10:19:325 LOGGER/(11718:11718): Servidor iniciado, esperando conexiones!
[INFO] 14:10:27:479 LOGGER/(11718:11723): Se armo un paquete con este PATH: /script_solo_cpu_1

[INFO] 14:10:37:484 LOGGER/(11718:11723): Se crea el proceso: 1 en NEW
[INFO] 14:10:37:486 LOGGER/(11718:11720): Hay proceso esperando en la cola de NEW!

[INFO] 14:10:37:486 LOGGER/(11718:11720): Grado de multiprogramación permite agregar proceso a ready

[INFO] 14:10:37:487 LOGGER/(11718:11720): PID: 1 - Estado Anterior: 0 - Estado Actual: 1
[INFO] 14:10:37:493 LOGGER/(11718:11721): PID: 1 - Estado Anterior: 1 - Estado Actual: 3
[INFO] 14:10:41:555 LOGGER/(11718:11721): PID: 1 - Estado Anterior: 3 - Estado Actual: 4
[INFO] 14:15:30:202 LOGGER/(12724:12724): Conexion establecida con Memoria
[INFO] 14:15:30:248 LOGGER/(12724:12724): Conexion establecida con Dispatcher
[INFO] 14:15:30:253 LOGGER/(12724:12724): Conexion establecida con Interrupt
[INFO] 14:15:30:290 LOGGER/(12724:12724): Servidor iniciado, esperando conexiones!
[INFO] 14:15:41:458 LOGGER/(12724:12729): Se armo un paquete con este PATH: /script_solo_cpu_1

[INFO] 14:15:51:465 LOGGER/(12724:12729): Se crea el proceso: 1 en NEW
[INFO] 14:15:51:467 LOGGER/(12724:12726): Hay proceso esperando en la cola de NEW!

[INFO] 14:15:51:467 LOGGER/(12724:12726): Grado de multiprogramación permite agregar proceso a ready

[INFO] 14:15:51:468 LOGGER/(12724:12726): PID: 1 - Estado Anterior: 0 - Estado Actual: 1
[INFO] 14:15:51:471 LOGGER/(12724:12727): PID: 1 - Estado Anterior: 1 - Estado Actual: 3
[INFO] 14:15:55:053 LOGGER/(12724:12727): PID: 1 - Estado Anterior: 3 - Estado Actual: 4
[INFO] 14:21:38:454 LOGGER/(14628:14628): Conexion establecida con Memoria
[INFO] 14:21:38:476 LOGGER/(14628:14628): Conexion establecida con Dispatcher
[INFO] 14:21:38:477 LOGGER/(14628:14628): Conexion establecida con Interrupt
[INFO] 14:21:38:528 LOGGER/(14628:14628): Servidor iniciado, esperando conexiones!
[INFO] 14:21:48:249 LOGGER/(14628:14636): Se armo un paquete con este PATH: /script_solo_cpu_1

[INFO] 14:21:58:256 LOGGER/(14628:14636): Se crea el proceso: 1 en NEW
[INFO] 14:21:58:257 LOGGER/(14628:14633): Hay proceso esperando en la cola de NEW!

[INFO] 14:21:58:258 LOGGER/(14628:14633): Grado de multiprogramación permite agregar proceso a ready

[INFO] 14:21:58:259 LOGGER/(14628:14633): PID: 1 - Estado Anterior: 0 - Estado Actual: 1
[INFO] 14:21:58:261 LOGGER/(14628:14634): PID: 1 - Estado Anterior: 1 - Estado Actual: 3
[INFO] 14:22:02:330 LOGGER/(14628:14634): PID: 1 - Estado Anterior: 3 - Estado Actual: 4
[INFO] 14:29:05:143 LOGGER/(15695:15695): Conexion establecida con Memoria
[INFO] 14:29:05:207 LOGGER/(15695:15695): Conexion establecida con Dispatcher
[INFO] 14:29:05:209 LOGGER/(15695:15695): Conexion establecida con Interrupt
[INFO] 14:29:05:240 LOGGER/(15695:15695): Servidor iniciado, esperando conexiones!
[INFO] 14:29:22:078 LOGGER/(15695:15705): Se armo un paquete con este PATH: /script_solo_cpu_5

[INFO] 14:29:32:085 LOGGER/(15695:15705): Se crea el proceso: 1 en NEW
[INFO] 14:29:32:086 LOGGER/(15695:15698): Hay proceso esperando en la cola de NEW!

[INFO] 14:29:32:087 LOGGER/(15695:15698): Grado de multiprogramación permite agregar proceso a ready

[INFO] 14:29:32:088 LOGGER/(15695:15698): PID: 1 - Estado Anterior: 0 - Estado Actual: 1
[INFO] 14:29:32:091 LOGGER/(15695:15699): PID: 1 - Estado Anterior: 1 - Estado Actual: 3
[INFO] 14:29:36:160 LOGGER/(15695:15699): PID: 1 - Estado Anterior: 3 - Estado Actual: 4
[INFO] 14:41:43:956 LOGGER/(16790:16790): Conexion establecida con Memoria
[INFO] 14:41:43:978 LOGGER/(16790:16790): Conexion establecida con Dispatcher
[INFO] 14:41:43:980 LOGGER/(16790:16790): Conexion establecida con Interrupt
[INFO] 14:41:44:034 LOGGER/(16790:16790): Servidor iniciado, esperando conexiones!
[INFO] 14:41:51:781 LOGGER/(16790:16795): Se armo un paquete con este PATH: /script_solo_cpu_1

[INFO] 14:42:01:789 LOGGER/(16790:16795): Se crea el proceso: 1 en NEW
[INFO] 14:42:01:792 LOGGER/(16790:16792): Hay proceso esperando en la cola de NEW!

[INFO] 14:42:01:793 LOGGER/(16790:16792): Grado de multiprogramación permite agregar proceso a ready

[INFO] 14:42:01:794 LOGGER/(16790:16792): PID: 1 - Estado Anterior: 0 - Estado Actual: 1
[INFO] 14:42:01:799 LOGGER/(16790:16793): PID: 1 - Estado Anterior: 1 - Estado Actual: 3
[INFO] 15:08:57:241 LOGGER/(18534:18534): Conexion establecida con Memoria
[INFO] 15:08:57:281 LOGGER/(18534:18534): Conexion establecida con Dispatcher
[INFO] 15:08:57:282 LOGGER/(18534:18534): Conexion establecida con Interrupt
[INFO] 15:08:57:335 LOGGER/(18534:18534): Servidor iniciado, esperando conexiones!
[INFO] 15:09:14:250 LOGGER/(18534:18544): Se armo un paquete con este PATH: /script_solo_cpu_5

[INFO] 15:09:24:257 LOGGER/(18534:18544): Se crea el proceso: 1 en NEW
[INFO] 15:09:24:258 LOGGER/(18534:18537): Hay proceso esperando en la cola de NEW!

[INFO] 15:09:24:258 LOGGER/(18534:18537): Grado de multiprogramación permite agregar proceso a ready

[INFO] 15:09:24:259 LOGGER/(18534:18537): PID: 1 - Estado Anterior: 0 - Estado Actual: 1
[INFO] 15:09:24:261 LOGGER/(18534:18538): PID: 1 - Estado Anterior: 1 - Estado Actual: 3
[INFO] 15:12:31:202 LOGGER/(19314:19314): Conexion establecida con Memoria
[INFO] 15:12:31:254 LOGGER/(19314:19314): Conexion establecida con Dispatcher
[INFO] 15:12:31:255 LOGGER/(19314:19314): Conexion establecida con Interrupt
[INFO] 15:12:31:325 LOGGER/(19314:19314): Servidor iniciado, esperando conexiones!
[INFO] 15:12:46:310 LOGGER/(19314:19320): Se armo un paquete con este PATH: /script_solo_cpu_5

[INFO] 15:12:56:317 LOGGER/(19314:19320): Se crea el proceso: 1 en NEW
[INFO] 15:12:56:319 LOGGER/(19314:19316): Hay proceso esperando en la cola de NEW!

[INFO] 15:12:56:319 LOGGER/(19314:19316): Grado de multiprogramación permite agregar proceso a ready

[INFO] 15:12:56:320 LOGGER/(19314:19316): PID: 1 - Estado Anterior: 0 - Estado Actual: 1
[INFO] 15:12:56:322 LOGGER/(19314:19317): PID: 1 - Estado Anterior: 1 - Estado Actual: 3
[INFO] 15:20:47:877 LOGGER/(20484:20484): Conexion establecida con Memoria
[INFO] 15:20:47:953 LOGGER/(20484:20484): Conexion establecida con Dispatcher
[INFO] 15:20:47:954 LOGGER/(20484:20484): Conexion establecida con Interrupt
[INFO] 15:20:47:980 LOGGER/(20484:20484): Servidor iniciado, esperando conexiones!
[INFO] 15:20:55:101 LOGGER/(20484:20489): Se armo un paquete con este PATH: /script_solo_cpu_1

[INFO] 15:21:05:108 LOGGER/(20484:20489): Se crea el proceso: 1 en NEW
[INFO] 15:21:05:109 LOGGER/(20484:20486): Hay proceso esperando en la cola de NEW!

[INFO] 15:21:05:110 LOGGER/(20484:20486): Grado de multiprogramación permite agregar proceso a ready

[INFO] 15:21:05:111 LOGGER/(20484:20486): PID: 1 - Estado Anterior: 0 - Estado Actual: 1
[INFO] 15:21:05:112 LOGGER/(20484:20487): PID: 1 - Estado Anterior: 1 - Estado Actual: 3
[INFO] 15:35:25:992 LOGGER/(22046:22046): Conexion establecida con Memoria
[INFO] 15:35:26:044 LOGGER/(22046:22046): Conexion establecida con Dispatcher
[INFO] 15:35:26:050 LOGGER/(22046:22046): Conexion establecida con Interrupt
[INFO] 15:35:26:127 LOGGER/(22046:22046): Servidor iniciado, esperando conexiones!
[INFO] 15:35:34:300 LOGGER/(22046:22051): Se armo un paquete con este PATH: /script_solo_cpu_1

[INFO] 15:35:44:309 LOGGER/(22046:22051): Se crea el proceso: 1 en NEW
[INFO] 15:35:44:310 LOGGER/(22046:22048): Hay proceso esperando en la cola de NEW!

[INFO] 15:35:44:311 LOGGER/(22046:22048): Grado de multiprogramación permite agregar proceso a ready

[INFO] 15:35:44:312 LOGGER/(22046:22048): PID: 1 - Estado Anterior: 0 - Estado Actual: 1
[INFO] 15:35:44:314 LOGGER/(22046:22049): PID: 1 - Estado Anterior: 1 - Estado Actual: 3
[INFO] 15:43:32:942 LOGGER/(23410:23410): Conexion establecida con Memoria
[INFO] 15:43:33:025 LOGGER/(23410:23410): Conexion establecida con Dispatcher
[INFO] 15:43:33:028 LOGGER/(23410:23410): Conexion establecida con Interrupt
[INFO] 15:43:33:073 LOGGER/(23410:23410): Servidor iniciado, esperando conexiones!
[INFO] 15:43:39:695 LOGGER/(23410:23418): Se armo un paquete con este PATH: /script_solo_cpu_5

[INFO] 15:43:49:703 LOGGER/(23410:23418): Se crea el proceso: 1 en NEW
[INFO] 15:43:49:704 LOGGER/(23410:23415): Hay proceso esperando en la cola de NEW!

[INFO] 15:43:49:705 LOGGER/(23410:23415): Grado de multiprogramación permite agregar proceso a ready

[INFO] 15:43:49:705 LOGGER/(23410:23415): PID: 1 - Estado Anterior: 0 - Estado Actual: 1
[INFO] 15:43:49:708 LOGGER/(23410:23416): PID: 1 - Estado Anterior: 1 - Estado Actual: 3
[INFO] 15:54:20:530 LOGGER/(24797:24797): Conexion establecida con Memoria
[INFO] 15:54:20:557 LOGGER/(24797:24797): Conexion establecida con Dispatcher
[INFO] 15:54:20:559 LOGGER/(24797:24797): Conexion establecida con Interrupt
[INFO] 15:54:20:610 LOGGER/(24797:24797): Servidor iniciado, esperando conexiones!
[INFO] 15:54:28:502 LOGGER/(24797:24809): Se armo un paquete con este PATH: /script_solo_cpu_1

[INFO] 15:54:38:511 LOGGER/(24797:24809): Se crea el proceso: 1 en NEW
[INFO] 15:54:38:512 LOGGER/(24797:24806): Hay proceso esperando en la cola de NEW!

[INFO] 15:54:38:512 LOGGER/(24797:24806): Grado de multiprogramación permite agregar proceso a ready

[INFO] 15:54:38:513 LOGGER/(24797:24806): PID: 1 - Estado Anterior: 0 - Estado Actual: 1
[INFO] 15:54:38:515 LOGGER/(24797:24807): PID: 1 - Estado Anterior: 1 - Estado Actual: 3
[INFO] 17:28:46:141 LOGGER/(2989:2989): Conexion establecida con Memoria
[INFO] 17:28:46:203 LOGGER/(2989:2989): Conexion establecida con Dispatcher
[INFO] 17:28:46:208 LOGGER/(2989:2989): Conexion establecida con Interrupt
[INFO] 17:28:46:257 LOGGER/(2989:2989): Servidor iniciado, esperando conexiones!
[INFO] 17:29:32:272 LOGGER/(2989:2994): Se armo un paquete con este PATH: /script_solo_cpu_1

[INFO] 17:29:42:276 LOGGER/(2989:2994): Se crea el proceso: 1 en NEW
[INFO] 17:29:42:277 LOGGER/(2989:2991): Hay proceso esperando en la cola de NEW!

[INFO] 17:29:42:277 LOGGER/(2989:2991): Grado de multiprogramación permite agregar proceso a ready

[INFO] 17:29:42:278 LOGGER/(2989:2991): PID: 1 - Estado Anterior: 0 - Estado Actual: 1
[INFO] 17:29:42:282 LOGGER/(2989:2992): PID: 1 - Estado Anterior: 1 - Estado Actual: 3
[INFO] 17:29:56:356 LOGGER/(2989:2992): PID: 1 - Estado Anterior: 3 - Estado Actual: 4
[INFO] 17:35:42:385 LOGGER/(4115:4115): Conexion establecida con Memoria
[INFO] 17:35:42:427 LOGGER/(4115:4115): Conexion establecida con Dispatcher
[INFO] 17:35:42:429 LOGGER/(4115:4115): Conexion establecida con Interrupt
[INFO] 17:35:42:491 LOGGER/(4115:4115): Servidor iniciado, esperando conexiones!
[INFO] 17:35:48:438 LOGGER/(4115:4120): Se armo un paquete con este PATH: /script_solo_cpu_5

[INFO] 17:35:58:446 LOGGER/(4115:4120): Se crea el proceso: 1 en NEW
[INFO] 17:35:58:447 LOGGER/(4115:4117): Hay proceso esperando en la cola de NEW!

[INFO] 17:35:58:448 LOGGER/(4115:4117): Grado de multiprogramación permite agregar proceso a ready

[INFO] 17:35:58:448 LOGGER/(4115:4117): PID: 1 - Estado Anterior: 0 - Estado Actual: 1
[INFO] 17:35:58:449 LOGGER/(4115:4118): PID: 1 - Estado Anterior: 1 - Estado Actual: 3
[INFO] 17:40:42:693 LOGGER/(4825:4825): Conexion establecida con Memoria
[INFO] 17:40:42:765 LOGGER/(4825:4825): Conexion establecida con Dispatcher
[INFO] 17:40:42:771 LOGGER/(4825:4825): Conexion establecida con Interrupt
[INFO] 17:40:42:834 LOGGER/(4825:4825): Servidor iniciado, esperando conexiones!
[INFO] 17:40:51:809 LOGGER/(4825:4833): Se armo un paquete con este PATH: /script_solo_cpu_5

[INFO] 17:41:01:815 LOGGER/(4825:4833): Se crea el proceso: 1 en NEW
[INFO] 17:41:01:817 LOGGER/(4825:4830): Hay proceso esperando en la cola de NEW!

[INFO] 17:41:01:817 LOGGER/(4825:4830): Grado de multiprogramación permite agregar proceso a ready

[INFO] 17:41:01:818 LOGGER/(4825:4830): PID: 1 - Estado Anterior: 0 - Estado Actual: 1
[INFO] 17:41:01:819 LOGGER/(4825:4831): PID: 1 - Estado Anterior: 1 - Estado Actual: 3
[INFO] 17:41:26:046 LOGGER/(4825:4831): PID: 1 - Estado Anterior: 3 - Estado Actual: 4
[INFO] 17:51:37:649 LOGGER/(6619:6619): Conexion establecida con Memoria
[INFO] 17:51:37:697 LOGGER/(6619:6619): Conexion establecida con Dispatcher
[INFO] 17:51:37:701 LOGGER/(6619:6619): Conexion establecida con Interrupt
[INFO] 17:51:37:756 LOGGER/(6619:6619): Servidor iniciado, esperando conexiones!
[INFO] 17:51:42:346 LOGGER/(6619:6624): Se armo un paquete con este PATH: /script_solo_cpu_5

[INFO] 17:51:52:354 LOGGER/(6619:6624): Se crea el proceso: 1 en NEW
[INFO] 17:51:52:355 LOGGER/(6619:6621): Hay proceso esperando en la cola de NEW!

[INFO] 17:51:52:355 LOGGER/(6619:6621): Grado de multiprogramación permite agregar proceso a ready

[INFO] 17:51:52:356 LOGGER/(6619:6621): PID: 1 - Estado Anterior: 0 - Estado Actual: 1
[INFO] 17:51:52:357 LOGGER/(6619:6622): PID: 1 - Estado Anterior: 1 - Estado Actual: 3
[INFO] 17:53:40:059 LOGGER/(7416:7416): Conexion establecida con Memoria
[INFO] 17:53:40:108 LOGGER/(7416:7416): Conexion establecida con Dispatcher
[INFO] 17:53:40:110 LOGGER/(7416:7416): Conexion establecida con Interrupt
[INFO] 17:53:40:160 LOGGER/(7416:7416): Servidor iniciado, esperando conexiones!
[INFO] 17:53:47:201 LOGGER/(7416:7443): Se armo un paquete con este PATH: /script_solo_cpu_5

[INFO] 17:53:57:206 LOGGER/(7416:7443): Se crea el proceso: 1 en NEW
[INFO] 17:53:57:207 LOGGER/(7416:7440): Hay proceso esperando en la cola de NEW!

[INFO] 17:53:57:208 LOGGER/(7416:7440): Grado de multiprogramación permite agregar proceso a ready

[INFO] 17:53:57:208 LOGGER/(7416:7440): PID: 1 - Estado Anterior: 0 - Estado Actual: 1
[INFO] 17:53:57:211 LOGGER/(7416:7441): PID: 1 - Estado Anterior: 1 - Estado Actual: 3
[INFO] 17:56:24:453 LOGGER/(8179:8179): Conexion establecida con Memoria
[INFO] 17:56:24:491 LOGGER/(8179:8179): Conexion establecida con Dispatcher
[INFO] 17:56:24:496 LOGGER/(8179:8179): Conexion establecida con Interrupt
[INFO] 17:56:24:550 LOGGER/(8179:8179): Servidor iniciado, esperando conexiones!
[INFO] 17:56:29:562 LOGGER/(8179:8187): Se armo un paquete con este PATH: /script_solo_cpu_5

[INFO] 17:56:39:569 LOGGER/(8179:8187): Se crea el proceso: 1 en NEW
[INFO] 17:56:39:571 LOGGER/(8179:8184): Hay proceso esperando en la cola de NEW!

[INFO] 17:56:39:571 LOGGER/(8179:8184): Grado de multiprogramación permite agregar proceso a ready

[INFO] 17:56:39:572 LOGGER/(8179:8184): PID: 1 - Estado Anterior: 0 - Estado Actual: 1
[INFO] 17:56:39:575 LOGGER/(8179:8185): PID: 1 - Estado Anterior: 1 - Estado Actual: 3
[INFO] 18:04:14:897 LOGGER/(8877:8877): Conexion establecida con Memoria
[INFO] 18:04:14:939 LOGGER/(8877:8877): Conexion establecida con Dispatcher
[INFO] 18:04:14:944 LOGGER/(8877:8877): Conexion establecida con Interrupt
[INFO] 18:04:14:998 LOGGER/(8877:8877): Servidor iniciado, esperando conexiones!
[INFO] 18:04:23:144 LOGGER/(8877:8890): Se armo un paquete con este PATH: /script_solo_cpu_5

[INFO] 18:04:33:149 LOGGER/(8877:8890): Se crea el proceso: 1 en NEW
[INFO] 18:04:33:150 LOGGER/(8877:8887): Hay proceso esperando en la cola de NEW!

[INFO] 18:04:33:151 LOGGER/(8877:8887): Grado de multiprogramación permite agregar proceso a ready

[INFO] 18:04:33:151 LOGGER/(8877:8887): PID: 1 - Estado Anterior: 0 - Estado Actual: 1
[INFO] 18:04:33:152 LOGGER/(8877:8888): PID: 1 - Estado Anterior: 1 - Estado Actual: 3
[INFO] 18:04:48:226 LOGGER/(8877:8888): PID: 1 - Estado Anterior: 3 - Estado Actual: 4
[INFO] 18:15:51:209 LOGGER/(9687:9687): Conexion establecida con Memoria
[INFO] 18:15:51:262 LOGGER/(9687:9687): Conexion establecida con Dispatcher
[INFO] 18:15:51:267 LOGGER/(9687:9687): Conexion establecida con Interrupt
[INFO] 18:15:51:307 LOGGER/(9687:9687): Servidor iniciado, esperando conexiones!
[INFO] 18:15:59:263 LOGGER/(9687:9695): Se armo un paquete con este PATH: /script_solo_cpu_5

[INFO] 18:16:09:270 LOGGER/(9687:9695): Se crea el proceso: 1 en NEW
[INFO] 18:16:09:271 LOGGER/(9687:9692): Hay proceso esperando en la cola de NEW!

[INFO] 18:16:09:272 LOGGER/(9687:9692): Grado de multiprogramación permite agregar proceso a ready

[INFO] 18:16:09:272 LOGGER/(9687:9692): PID: 1 - Estado Anterior: 0 - Estado Actual: 1
[INFO] 18:16:09:273 LOGGER/(9687:9693): PID: 1 - Estado Anterior: 1 - Estado Actual: 3
[INFO] 18:16:33:456 LOGGER/(9687:9693): PID: 1 - Estado Anterior: 3 - Estado Actual: 4
[INFO] 18:29:35:218 LOGGER/(11141:11141): Conexion establecida con Memoria
[INFO] 18:29:35:257 LOGGER/(11141:11141): Conexion establecida con Dispatcher
[INFO] 18:29:35:263 LOGGER/(11141:11141): Conexion establecida con Interrupt
[INFO] 18:29:35:361 LOGGER/(11141:11141): Servidor iniciado, esperando conexiones!
[INFO] 18:29:43:204 LOGGER/(11141:11157): Se armo un paquete con este PATH: /script_solo_cpu_5

[INFO] 18:29:53:210 LOGGER/(11141:11157): Se crea el proceso: 1 en NEW
[INFO] 18:29:53:212 LOGGER/(11141:11154): Hay proceso esperando en la cola de NEW!

[INFO] 18:29:53:212 LOGGER/(11141:11154): Grado de multiprogramación permite agregar proceso a ready

[INFO] 18:29:53:212 LOGGER/(11141:11154): PID: 1 - Estado Anterior: 0 - Estado Actual: 1
[INFO] 18:29:53:214 LOGGER/(11141:11155): PID: 1 - Estado Anterior: 1 - Estado Actual: 3
[INFO] 18:30:17:478 LOGGER/(11141:11155): PID: 1 - Estado Anterior: 3 - Estado Actual: 4
[INFO] 18:38:50:603 LOGGER/(12387:12387): Conexion establecida con Memoria
[INFO] 18:38:50:646 LOGGER/(12387:12387): Conexion establecida con Dispatcher
[INFO] 18:38:50:649 LOGGER/(12387:12387): Conexion establecida con Interrupt
[INFO] 18:38:50:687 LOGGER/(12387:12387): Servidor iniciado, esperando conexiones!
[INFO] 18:38:55:082 LOGGER/(12387:12392): Se armo un paquete con este PATH: /script_solo_cpu_5

[INFO] 18:39:05:093 LOGGER/(12387:12392): Se crea el proceso: 1 en NEW
[INFO] 18:39:05:094 LOGGER/(12387:12389): Hay proceso esperando en la cola de NEW!

[INFO] 18:39:05:095 LOGGER/(12387:12389): Grado de multiprogramación permite agregar proceso a ready

[INFO] 18:39:05:096 LOGGER/(12387:12389): PID: 1 - Estado Anterior: 0 - Estado Actual: 1
[INFO] 18:39:05:097 LOGGER/(12387:12390): PID: 1 - Estado Anterior: 1 - Estado Actual: 3
[INFO] 18:41:58:109 LOGGER/(12387:12390): PID: 1 - Estado Anterior: 3 - Estado Actual: 4
[INFO] 18:43:32:318 LOGGER/(13321:13321): Conexion establecida con Memoria
[INFO] 18:43:32:363 LOGGER/(13321:13321): Conexion establecida con Dispatcher
[INFO] 18:43:32:366 LOGGER/(13321:13321): Conexion establecida con Interrupt
[INFO] 18:43:32:418 LOGGER/(13321:13321): Servidor iniciado, esperando conexiones!
[INFO] 18:43:39:754 LOGGER/(13321:13328): Se armo un paquete con este PATH: /script_solo_cpu_5

[INFO] 18:43:49:761 LOGGER/(13321:13328): Se crea el proceso: 1 en NEW
[INFO] 18:43:49:762 LOGGER/(13321:13325): Hay proceso esperando en la cola de NEW!

[INFO] 18:43:49:763 LOGGER/(13321:13325): Grado de multiprogramación permite agregar proceso a ready

[INFO] 18:43:49:764 LOGGER/(13321:13325): PID: 1 - Estado Anterior: 0 - Estado Actual: 1
[INFO] 18:43:49:766 LOGGER/(13321:13326): PID: 1 - Estado Anterior: 1 - Estado Actual: 3
[INFO] 18:46:18:512 LOGGER/(14146:14146): Conexion establecida con Memoria
[INFO] 18:47:36:259 LOGGER/(14530:14530): Conexion establecida con Memoria
[INFO] 18:51:14:549 LOGGER/(15977:15977): Conexion establecida con Memoria
[INFO] 18:51:14:581 LOGGER/(15977:15977): Conexion establecida con Dispatcher
[INFO] 18:51:14:582 LOGGER/(15977:15977): Conexion establecida con Interrupt
[INFO] 18:51:14:632 LOGGER/(15977:15977): Servidor iniciado, esperando conexiones!
[INFO] 18:51:20:560 LOGGER/(15977:15982): Se armo un paquete con este PATH: /script_solo_cpu_5

[INFO] 18:51:30:568 LOGGER/(15977:15982): Se crea el proceso: 1 en NEW
[INFO] 18:51:30:569 LOGGER/(15977:15979): Hay proceso esperando en la cola de NEW!

[INFO] 18:51:30:569 LOGGER/(15977:15979): Grado de multiprogramación permite agregar proceso a ready

[INFO] 18:51:30:570 LOGGER/(15977:15979): PID: 1 - Estado Anterior: 0 - Estado Actual: 1
[INFO] 18:51:30:573 LOGGER/(15977:15980): PID: 1 - Estado Anterior: 1 - Estado Actual: 3
[INFO] 18:51:54:764 LOGGER/(15977:15980): PID: 1 - Estado Anterior: 3 - Estado Actual: 4
[INFO] 18:58:15:172 LOGGER/(17010:17010): Conexion establecida con Memoria
[INFO] 19:01:02:105 LOGGER/(17846:17846): Conexion establecida con Memoria
[INFO] 19:01:02:141 LOGGER/(17846:17846): Conexion establecida con Dispatcher
[INFO] 19:01:02:144 LOGGER/(17846:17846): Conexion establecida con Interrupt
[INFO] 19:01:02:206 LOGGER/(17846:17846): Servidor iniciado, esperando conexiones!
[INFO] 19:01:11:018 LOGGER/(17846:17851): Se armo un paquete con este PATH: /script_solo_cpu_5

[INFO] 19:01:21:027 LOGGER/(17846:17851): Se crea el proceso: 1 en NEW
[INFO] 19:01:21:028 LOGGER/(17846:17848): Hay proceso esperando en la cola de NEW!

[INFO] 19:01:21:029 LOGGER/(17846:17848): Grado de multiprogramación permite agregar proceso a ready

[INFO] 19:01:21:030 LOGGER/(17846:17848): PID: 1 - Estado Anterior: 0 - Estado Actual: 1
[INFO] 19:01:21:032 LOGGER/(17846:17849): PID: 1 - Estado Anterior: 1 - Estado Actual: 3
[INFO] 19:01:45:409 LOGGER/(17846:17849): PID: 1 - Estado Anterior: 3 - Estado Actual: 4
[INFO] 19:07:15:568 LOGGER/(19611:19611): Conexion establecida con Memoria
[INFO] 19:07:15:617 LOGGER/(19611:19611): Conexion establecida con Dispatcher
[INFO] 19:07:15:629 LOGGER/(19611:19611): Conexion establecida con Interrupt
[INFO] 19:07:15:693 LOGGER/(19611:19611): Servidor iniciado, esperando conexiones!
[INFO] 19:07:21:027 LOGGER/(19611:19616): Se armo un paquete con este PATH: /script_solo_cpu_5

[INFO] 19:07:31:034 LOGGER/(19611:19616): Se crea el proceso: 1 en NEW
[INFO] 19:07:31:035 LOGGER/(19611:19613): Hay proceso esperando en la cola de NEW!

[INFO] 19:07:31:035 LOGGER/(19611:19613): Grado de multiprogramación permite agregar proceso a ready

[INFO] 19:07:31:037 LOGGER/(19611:19613): PID: 1 - Estado Anterior: 0 - Estado Actual: 1
[INFO] 19:07:31:040 LOGGER/(19611:19614): PID: 1 - Estado Anterior: 1 - Estado Actual: 3
[INFO] 19:07:56:073 LOGGER/(19611:19614): PID: 1 - Estado Anterior: 3 - Estado Actual: 4
[INFO] 19:19:25:391 LOGGER/(20735:20735): Conexion establecida con Memoria
[INFO] 19:19:25:432 LOGGER/(20735:20735): Conexion establecida con Dispatcher
[INFO] 19:19:25:439 LOGGER/(20735:20735): Conexion establecida con Interrupt
[INFO] 19:19:25:497 LOGGER/(20735:20735): Servidor iniciado, esperando conexiones!
[INFO] 19:19:29:829 LOGGER/(20735:20747): Se armo un paquete con este PATH: /script_solo_cpu_5

[INFO] 19:19:39:837 LOGGER/(20735:20747): Se crea el proceso: 1 en NEW
[INFO] 19:19:39:838 LOGGER/(20735:20744): Hay proceso esperando en la cola de NEW!

[INFO] 19:19:39:838 LOGGER/(20735:20744): Grado de multiprogramación permite agregar proceso a ready

[INFO] 19:19:39:839 LOGGER/(20735:20744): PID: 1 - Estado Anterior: 0 - Estado Actual: 1
[INFO] 19:19:39:840 LOGGER/(20735:20745): PID: 1 - Estado Anterior: 1 - Estado Actual: 3
[INFO] 19:20:04:871 LOGGER/(20735:20745): PID: 1 - Estado Anterior: 3 - Estado Actual: 4
[INFO] 21:04:10:438 LOGGER/(3957:3957): Conexion establecida con Memoria
[INFO] 21:04:10:517 LOGGER/(3957:3957): Conexion establecida con Dispatcher
[INFO] 21:04:10:518 LOGGER/(3957:3957): Conexion establecida con Interrupt
[INFO] 21:04:10:610 LOGGER/(3957:3957): Servidor iniciado, esperando conexiones!
[INFO] 21:04:15:181 LOGGER/(3957:3963): Se armo un paquete con este PATH: /script_solo_cpu_5

[INFO] 21:04:25:186 LOGGER/(3957:3963): Se crea el proceso: 1 en NEW
[INFO] 21:04:25:187 LOGGER/(3957:3960): Hay proceso esperando en la cola de NEW!

[INFO] 21:04:25:187 LOGGER/(3957:3960): Grado de multiprogramación permite agregar proceso a ready

[INFO] 21:04:25:188 LOGGER/(3957:3960): PID: 1 - Estado Anterior: 0 - Estado Actual: 1
[INFO] 21:04:25:192 LOGGER/(3957:3961): PID: 1 - Estado Anterior: 1 - Estado Actual: 3
[INFO] 21:04:40:232 LOGGER/(3957:3961): PID: 1 - Estado Anterior: 3 - Estado Actual: 4
[INFO] 22:55:30:010 LOGGER/(5815:5815): Conexion establecida con Memoria
[INFO] 22:55:30:068 LOGGER/(5815:5815): Conexion establecida con Dispatcher
[INFO] 22:55:30:073 LOGGER/(5815:5815): Conexion establecida con Interrupt
[INFO] 22:55:30:186 LOGGER/(5815:5815): Servidor iniciado, esperando conexiones!
[INFO] 22:55:34:695 LOGGER/(5815:5820): Se armo un paquete con este PATH: /script_solo_cpu_5

[INFO] 22:55:44:703 LOGGER/(5815:5820): Se crea el proceso: 1 en NEW
[INFO] 22:55:44:704 LOGGER/(5815:5817): Hay proceso esperando en la cola de NEW!

[INFO] 22:55:44:705 LOGGER/(5815:5817): Grado de multiprogramación permite agregar proceso a ready

[INFO] 22:55:44:706 LOGGER/(5815:5817): PID: 1 - Estado Anterior: 0 - Estado Actual: 1
[INFO] 22:55:44:708 LOGGER/(5815:5818): PID: 1 - Estado Anterior: 1 - Estado Actual: 3
[INFO] 22:55:49:748 LOGGER/(5815:5818): PID: 1 - Estado Anterior: 3 - Estado Actual: 4
[INFO] 00:14:15:089 LOGGER/(7565:7565): Conexion establecida con Memoria
[INFO] 00:14:15:140 LOGGER/(7565:7565): Conexion establecida con Dispatcher
[INFO] 00:14:15:153 LOGGER/(7565:7565): Conexion establecida con Interrupt
[INFO] 00:14:15:211 LOGGER/(7565:7565): Servidor iniciado, esperando conexiones!
[INFO] 00:14:21:420 LOGGER/(7565:7570): Se armo un paquete con este PATH: /script_solo_cpu_5

[INFO] 00:14:31:427 LOGGER/(7565:7570): Se crea el proceso: 1 en NEW
[INFO] 00:14:31:428 LOGGER/(7565:7567): Hay proceso esperando en la cola de NEW!

[INFO] 00:14:31:428 LOGGER/(7565:7567): Grado de multiprogramación permite agregar proceso a ready

[INFO] 00:14:31:429 LOGGER/(7565:7567): PID: 1 - Estado Anterior: 0 - Estado Actual: 1
[INFO] 00:14:31:431 LOGGER/(7565:7568): PID: 1 - Estado Anterior: 1 - Estado Actual: 3
[INFO] 00:14:36:466 LOGGER/(7565:7568): PID: 1 - Estado Anterior: 3 - Estado Actual: 4
[INFO] 00:44:55:740 LOGGER/(8775:8775): Conexion establecida con Memoria
[INFO] 00:44:55:818 LOGGER/(8775:8775): Conexion establecida con Dispatcher
[INFO] 00:44:55:819 LOGGER/(8775:8775): Conexion establecida con Interrupt
[INFO] 00:44:55:874 LOGGER/(8775:8775): Servidor iniciado, esperando conexiones!
[INFO] 00:45:00:388 LOGGER/(8775:8791): Se armo un paquete con este PATH: /script_solo_cpu_5

[INFO] 00:45:10:398 LOGGER/(8775:8791): Se crea el proceso: 1 en NEW
[INFO] 00:45:10:399 LOGGER/(8775:8788): Hay proceso esperando en la cola de NEW!

[INFO] 00:45:10:400 LOGGER/(8775:8788): Grado de multiprogramación permite agregar proceso a ready

[INFO] 00:45:10:401 LOGGER/(8775:8788): PID: 1 - Estado Anterior: 0 - Estado Actual: 1
[INFO] 00:45:10:403 LOGGER/(8775:8789): PID: 1 - Estado Anterior: 1 - Estado Actual: 3
[INFO] 00:45:15:441 LOGGER/(8775:8789): PID: 1 - Estado Anterior: 3 - Estado Actual: 4
[INFO] 00:54:03:040 LOGGER/(10020:10020): Conexion establecida con Memoria
[INFO] 00:54:03:071 LOGGER/(10020:10020): Conexion establecida con Dispatcher
[INFO] 00:54:03:077 LOGGER/(10020:10020): Conexion establecida con Interrupt
[INFO] 00:54:03:146 LOGGER/(10020:10020): Servidor iniciado, esperando conexiones!
[INFO] 00:58:41:077 LOGGER/(10020:10025): Se armo un paquete con este PATH: /script_solo_cpu_5

[INFO] 00:58:51:086 LOGGER/(10020:10025): Se crea el proceso: 1 en NEW
[INFO] 00:58:51:087 LOGGER/(10020:10022): Hay proceso esperando en la cola de NEW!

[INFO] 00:58:51:087 LOGGER/(10020:10022): Grado de multiprogramación permite agregar proceso a ready

[INFO] 00:58:51:088 LOGGER/(10020:10022): PID: 1 - Estado Anterior: 0 - Estado Actual: 1
[INFO] 00:58:51:090 LOGGER/(10020:10023): PID: 1 - Estado Anterior: 1 - Estado Actual: 3
[INFO] 01:05:42:876 LOGGER/(11414:11414): Conexion establecida con Memoria
[INFO] 01:05:42:912 LOGGER/(11414:11414): Conexion establecida con Dispatcher
[INFO] 01:05:42:913 LOGGER/(11414:11414): Conexion establecida con Interrupt
[INFO] 01:05:42:982 LOGGER/(11414:11414): Servidor iniciado, esperando conexiones!
[INFO] 01:05:53:570 LOGGER/(11414:11419): Se armo un paquete con este PATH: /script_solo_cpu_5

[INFO] 01:06:03:578 LOGGER/(11414:11419): Se crea el proceso: 1 en NEW
[INFO] 01:06:03:579 LOGGER/(11414:11416): Hay proceso esperando en la cola de NEW!

[INFO] 01:06:03:579 LOGGER/(11414:11416): Grado de multiprogramación permite agregar proceso a ready

[INFO] 01:06:03:580 LOGGER/(11414:11416): PID: 1 - Estado Anterior: 0 - Estado Actual: 1
[INFO] 01:06:03:583 LOGGER/(11414:11417): PID: 1 - Estado Anterior: 1 - Estado Actual: 3
[INFO] 01:11:56:998 LOGGER/(12623:12623): Conexion establecida con Memoria
[INFO] 01:11:57:050 LOGGER/(12623:12623): Conexion establecida con Dispatcher
[INFO] 01:11:57:057 LOGGER/(12623:12623): Conexion establecida con Interrupt
[INFO] 01:11:57:120 LOGGER/(12623:12623): Servidor iniciado, esperando conexiones!
[INFO] 01:12:01:419 LOGGER/(12623:12628): Se armo un paquete con este PATH: /script_solo_cpu_5

[INFO] 01:12:11:425 LOGGER/(12623:12628): Se crea el proceso: 1 en NEW
[INFO] 01:12:11:426 LOGGER/(12623:12625): Hay proceso esperando en la cola de NEW!

[INFO] 01:12:11:427 LOGGER/(12623:12625): Grado de multiprogramación permite agregar proceso a ready

[INFO] 01:12:11:429 LOGGER/(12623:12625): PID: 1 - Estado Anterior: 0 - Estado Actual: 1
[INFO] 01:12:11:433 LOGGER/(12623:12626): PID: 1 - Estado Anterior: 1 - Estado Actual: 3
[INFO] 01:12:18:474 LOGGER/(12623:12626): PID: 1 - Estado Anterior: 3 - Estado Actual: 4
[INFO] 01:27:20:768 LOGGER/(14289:14289): Conexion establecida con Memoria
[INFO] 01:27:20:818 LOGGER/(14289:14289): Conexion establecida con Dispatcher
[INFO] 01:27:20:823 LOGGER/(14289:14289): Conexion establecida con Interrupt
[INFO] 01:27:20:874 LOGGER/(14289:14289): Servidor iniciado, esperando conexiones!
[INFO] 01:27:26:363 LOGGER/(14289:14294): Se armo un paquete con este PATH: /script_solo_cpu_5

[INFO] 01:27:36:368 LOGGER/(14289:14294): Se crea el proceso: 1 en NEW
[INFO] 01:27:36:370 LOGGER/(14289:14291): Hay proceso esperando en la cola de NEW!

[INFO] 01:27:36:370 LOGGER/(14289:14291): Grado de multiprogramación permite agregar proceso a ready

[INFO] 01:27:36:371 LOGGER/(14289:14291): PID: 1 - Estado Anterior: 0 - Estado Actual: 1
[INFO] 01:27:36:374 LOGGER/(14289:14292): PID: 1 - Estado Anterior: 1 - Estado Actual: 3
[INFO] 01:27:43:432 LOGGER/(14289:14292): PID: 1 - Estado Anterior: 3 - Estado Actual: 4
[INFO] 01:33:26:032 LOGGER/(16127:16127): Conexion establecida con Memoria
[INFO] 01:33:26:113 LOGGER/(16127:16127): Conexion establecida con Dispatcher
[INFO] 01:33:26:120 LOGGER/(16127:16127): Conexion establecida con Interrupt
[INFO] 01:33:26:222 LOGGER/(16127:16127): Servidor iniciado, esperando conexiones!
[INFO] 01:33:33:501 LOGGER/(16127:16142): Se armo un paquete con este PATH: /script_solo_cpu_5

[INFO] 01:33:43:506 LOGGER/(16127:16142): Se crea el proceso: 1 en NEW
[INFO] 01:33:43:507 LOGGER/(16127:16139): Hay proceso esperando en la cola de NEW!

[INFO] 01:33:43:508 LOGGER/(16127:16139): Grado de multiprogramación permite agregar proceso a ready

[INFO] 01:33:43:509 LOGGER/(16127:16139): PID: 1 - Estado Anterior: 0 - Estado Actual: 1
[INFO] 01:33:43:511 LOGGER/(16127:16140): PID: 1 - Estado Anterior: 1 - Estado Actual: 3
[INFO] 01:49:02:128 LOGGER/(17680:17680): Conexion establecida con Memoria
[INFO] 01:49:02:176 LOGGER/(17680:17680): Conexion establecida con Dispatcher
[INFO] 01:49:02:182 LOGGER/(17680:17680): Conexion establecida con Interrupt
[INFO] 01:49:02:234 LOGGER/(17680:17680): Servidor iniciado, esperando conexiones!
[INFO] 01:49:07:799 LOGGER/(17680:17696): Se armo un paquete con este PATH: /script_solo_cpu_5

[INFO] 01:49:17:806 LOGGER/(17680:17696): Se crea el proceso: 1 en NEW
[INFO] 01:49:17:807 LOGGER/(17680:17693): Hay proceso esperando en la cola de NEW!

[INFO] 01:49:17:808 LOGGER/(17680:17693): Grado de multiprogramación permite agregar proceso a ready

[INFO] 01:49:17:809 LOGGER/(17680:17693): PID: 1 - Estado Anterior: 0 - Estado Actual: 1
[INFO] 01:49:17:811 LOGGER/(17680:17694): PID: 1 - Estado Anterior: 1 - Estado Actual: 3
[INFO] 02:01:20:856 LOGGER/(17680:17696): Se armo un paquete con este PATH: make

[INFO] 02:01:30:870 LOGGER/(17680:17696): Se crea el proceso: 2 en NEW
[INFO] 02:01:30:870 LOGGER/(17680:17693): Hay proceso esperando en la cola de NEW!

[INFO] 02:01:30:871 LOGGER/(17680:17696): Se armo un paquete con este PATH: clean

[INFO] 02:02:31:753 LOGGER/(19245:19245): Conexion establecida con Memoria
[INFO] 02:02:31:789 LOGGER/(19245:19245): Conexion establecida con Dispatcher
[INFO] 02:02:31:791 LOGGER/(19245:19245): Conexion establecida con Interrupt
[INFO] 02:02:31:904 LOGGER/(19245:19245): Servidor iniciado, esperando conexiones!
[INFO] 02:02:40:561 LOGGER/(19245:19250): Se armo un paquete con este PATH: /script_solo_cpu_5

[INFO] 02:02:50:568 LOGGER/(19245:19250): Se crea el proceso: 1 en NEW
[INFO] 02:02:50:569 LOGGER/(19245:19247): Hay proceso esperando en la cola de NEW!

[INFO] 02:02:50:570 LOGGER/(19245:19247): Grado de multiprogramación permite agregar proceso a ready

[INFO] 02:02:50:570 LOGGER/(19245:19247): PID: 1 - Estado Anterior: 0 - Estado Actual: 1
[INFO] 02:02:50:573 LOGGER/(19245:19248): PID: 1 - Estado Anterior: 1 - Estado Actual: 3
[INFO] 02:06:49:662 LOGGER/(20382:20382): Conexion establecida con Memoria
[INFO] 02:06:49:708 LOGGER/(20382:20382): Conexion establecida con Dispatcher
[INFO] 02:06:49:716 LOGGER/(20382:20382): Conexion establecida con Interrupt
[INFO] 02:06:49:757 LOGGER/(20382:20382): Servidor iniciado, esperando conexiones!
[INFO] 02:06:58:250 LOGGER/(20382:20398): Se armo un paquete con este PATH: /script_solo_cpu_5

[INFO] 02:07:08:255 LOGGER/(20382:20398): Se crea el proceso: 1 en NEW
[INFO] 02:07:08:256 LOGGER/(20382:20395): Hay proceso esperando en la cola de NEW!

[INFO] 02:07:08:257 LOGGER/(20382:20395): Grado de multiprogramación permite agregar proceso a ready

[INFO] 02:07:08:258 LOGGER/(20382:20395): PID: 1 - Estado Anterior: 0 - Estado Actual: 1
[INFO] 02:07:08:260 LOGGER/(20382:20396): PID: 1 - Estado Anterior: 1 - Estado Actual: 3
[INFO] 02:09:28:380 LOGGER/(21192:21192): Conexion establecida con Memoria
[INFO] 02:09:28:408 LOGGER/(21192:21192): Conexion establecida con Dispatcher
[INFO] 02:09:28:410 LOGGER/(21192:21192): Conexion establecida con Interrupt
[INFO] 02:09:28:474 LOGGER/(21192:21192): Servidor iniciado, esperando conexiones!
[INFO] 02:09:48:082 LOGGER/(21192:21197): Se armo un paquete con este PATH: /script_solo_cpu_5

[INFO] 02:09:58:090 LOGGER/(21192:21197): Se crea el proceso: 1 en NEW
[INFO] 02:09:58:091 LOGGER/(21192:21194): Hay proceso esperando en la cola de NEW!

[INFO] 02:09:58:091 LOGGER/(21192:21194): Grado de multiprogramación permite agregar proceso a ready

[INFO] 02:09:58:092 LOGGER/(21192:21194): PID: 1 - Estado Anterior: 0 - Estado Actual: 1
[INFO] 02:09:58:094 LOGGER/(21192:21195): PID: 1 - Estado Anterior: 1 - Estado Actual: 3
[INFO] 02:11:21:135 LOGGER/(22105:22105): Conexion establecida con Memoria
[INFO] 02:11:21:166 LOGGER/(22105:22105): Conexion establecida con Dispatcher
[INFO] 02:11:21:171 LOGGER/(22105:22105): Conexion establecida con Interrupt
[INFO] 02:11:21:211 LOGGER/(22105:22105): Servidor iniciado, esperando conexiones!
[INFO] 02:11:29:013 LOGGER/(22105:22124): Se armo un paquete con este PATH: /script_solo_cpu_5

[INFO] 02:11:39:021 LOGGER/(22105:22124): Se crea el proceso: 1 en NEW
[INFO] 02:11:39:022 LOGGER/(22105:22121): Hay proceso esperando en la cola de NEW!

[INFO] 02:11:39:022 LOGGER/(22105:22121): Grado de multiprogramación permite agregar proceso a ready

[INFO] 02:11:39:023 LOGGER/(22105:22121): PID: 1 - Estado Anterior: 0 - Estado Actual: 1
[INFO] 02:11:39:028 LOGGER/(22105:22122): PID: 1 - Estado Anterior: 1 - Estado Actual: 3
[INFO] 02:11:46:072 LOGGER/(22105:22122): PID: 1 - Estado Anterior: 3 - Estado Actual: 4
[INFO] 02:16:38:823 LOGGER/(23517:23517): Conexion establecida con Memoria
[INFO] 02:16:38:878 LOGGER/(23517:23517): Conexion establecida con Dispatcher
[INFO] 02:16:38:880 LOGGER/(23517:23517): Conexion establecida con Interrupt
[INFO] 02:16:38:933 LOGGER/(23517:23517): Servidor iniciado, esperando conexiones!
[INFO] 02:16:46:773 LOGGER/(23517:23522): Se armo un paquete con este PATH: /script_solo_cpu_1

[INFO] 02:18:21:694 LOGGER/(24636:24636): Conexion establecida con Memoria
[INFO] 02:18:21:731 LOGGER/(24636:24636): Conexion establecida con Dispatcher
[INFO] 02:18:21:734 LOGGER/(24636:24636): Conexion establecida con Interrupt
[INFO] 02:18:21:794 LOGGER/(24636:24636): Servidor iniciado, esperando conexiones!
[INFO] 02:18:26:653 LOGGER/(24636:24641): Se armo un paquete con este PATH: /script_solo_cpu_5

[INFO] 02:18:36:658 LOGGER/(24636:24641): Se crea el proceso: 1 en NEW
[INFO] 02:18:36:660 LOGGER/(24636:24638): Hay proceso esperando en la cola de NEW!

[INFO] 02:18:36:661 LOGGER/(24636:24638): Grado de multiprogramación permite agregar proceso a ready

[INFO] 02:18:36:661 LOGGER/(24636:24638): PID: 1 - Estado Anterior: 0 - Estado Actual: 1
[INFO] 02:18:36:664 LOGGER/(24636:24639): PID: 1 - Estado Anterior: 1 - Estado Actual: 3
[INFO] 02:22:45:231 LOGGER/(25455:25455): Conexion establecida con Memoria
[INFO] 02:22:45:295 LOGGER/(25455:25455): Conexion establecida con Dispatcher
[INFO] 02:22:45:300 LOGGER/(25455:25455): Conexion establecida con Interrupt
[INFO] 02:22:45:368 LOGGER/(25455:25455): Servidor iniciado, esperando conexiones!
[INFO] 02:23:15:869 LOGGER/(25455:25460): Se armo un paquete con este PATH: /script_solo_cpu_5

[INFO] 02:23:25:874 LOGGER/(25455:25460): Se crea el proceso: 1 en NEW
[INFO] 02:23:25:875 LOGGER/(25455:25457): Hay proceso esperando en la cola de NEW!

[INFO] 02:23:25:876 LOGGER/(25455:25457): Grado de multiprogramación permite agregar proceso a ready

[INFO] 02:23:25:877 LOGGER/(25455:25457): PID: 1 - Estado Anterior: 0 - Estado Actual: 1
[INFO] 02:23:25:879 LOGGER/(25455:25458): PID: 1 - Estado Anterior: 1 - Estado Actual: 3
[INFO] 02:25:42:453 LOGGER/(26464:26464): Conexion establecida con Memoria
[INFO] 02:25:42:495 LOGGER/(26464:26464): Conexion establecida con Dispatcher
[INFO] 02:25:42:497 LOGGER/(26464:26464): Conexion establecida con Interrupt
[INFO] 02:25:42:539 LOGGER/(26464:26464): Servidor iniciado, esperando conexiones!
[INFO] 02:25:52:257 LOGGER/(26464:26469): Se armo un paquete con este PATH: /script_solo_cpu_5

[INFO] 02:26:02:262 LOGGER/(26464:26469): Se crea el proceso: 1 en NEW
[INFO] 02:26:02:264 LOGGER/(26464:26466): Hay proceso esperando en la cola de NEW!

[INFO] 02:26:02:265 LOGGER/(26464:26466): Grado de multiprogramación permite agregar proceso a ready

[INFO] 02:26:02:266 LOGGER/(26464:26466): PID: 1 - Estado Anterior: 0 - Estado Actual: 1
[INFO] 02:26:02:271 LOGGER/(26464:26467): PID: 1 - Estado Anterior: 1 - Estado Actual: 3
[INFO] 02:26:09:323 LOGGER/(26464:26467): PID: 1 - Estado Anterior: 3 - Estado Actual: 4
[INFO] 02:28:55:770 LOGGER/(27357:27357): Conexion establecida con Memoria
[INFO] 02:28:55:861 LOGGER/(27357:27357): Conexion establecida con Dispatcher
[INFO] 02:28:55:867 LOGGER/(27357:27357): Conexion establecida con Interrupt
[INFO] 02:28:55:964 LOGGER/(27357:27357): Servidor iniciado, esperando conexiones!
[INFO] 02:29:05:940 LOGGER/(27357:27362): Se armo un paquete con este PATH: /script_solo_cpu_5

[INFO] 02:29:15:945 LOGGER/(27357:27362): Se crea el proceso: 1 en NEW
[INFO] 02:29:15:947 LOGGER/(27357:27359): Hay proceso esperando en la cola de NEW!

[INFO] 02:29:15:947 LOGGER/(27357:27359): Grado de multiprogramación permite agregar proceso a ready

[INFO] 02:29:15:948 LOGGER/(27357:27359): PID: 1 - Estado Anterior: 0 - Estado Actual: 1
[INFO] 02:29:15:951 LOGGER/(27357:27360): PID: 1 - Estado Anterior: 1 - Estado Actual: 3
[INFO] 02:29:22:999 LOGGER/(27357:27360): PID: 1 - Estado Anterior: 3 - Estado Actual: 4
[INFO] 02:32:53:060 LOGGER/(28277:28277): Conexion establecida con Memoria
[INFO] 02:32:53:101 LOGGER/(28277:28277): Conexion establecida con Dispatcher
[INFO] 02:32:53:104 LOGGER/(28277:28277): Conexion establecida con Interrupt
[INFO] 02:32:53:183 LOGGER/(28277:28277): Servidor iniciado, esperando conexiones!
[INFO] 02:32:59:295 LOGGER/(28277:28284): Se armo un paquete con este PATH: /script_solo_cpu_5

[INFO] 02:33:09:303 LOGGER/(28277:28284): Se crea el proceso: 1 en NEW
[INFO] 02:33:09:305 LOGGER/(28277:28279): Hay proceso esperando en la cola de NEW!

[INFO] 02:33:09:305 LOGGER/(28277:28279): Grado de multiprogramación permite agregar proceso a ready

[INFO] 02:33:09:306 LOGGER/(28277:28279): PID: 1 - Estado Anterior: 0 - Estado Actual: 1
[INFO] 02:33:09:309 LOGGER/(28277:28280): PID: 1 - Estado Anterior: 1 - Estado Actual: 3
[INFO] 02:49:17:442 LOGGER/(30569:30569): Conexion establecida con Memoria
[INFO] 02:49:17:502 LOGGER/(30569:30569): Conexion establecida con Dispatcher
[INFO] 02:49:17:507 LOGGER/(30569:30569): Conexion establecida con Interrupt
[INFO] 02:49:17:555 LOGGER/(30569:30569): Servidor iniciado, esperando conexiones!
[INFO] 02:49:27:925 LOGGER/(30569:30574): Se armo un paquete con este PATH: /script_solo_cpu_5

[INFO] 02:49:37:939 LOGGER/(30569:30574): Se crea el proceso: 1 en NEW
[INFO] 02:49:37:940 LOGGER/(30569:30571): Hay proceso esperando en la cola de NEW!

[INFO] 02:49:37:941 LOGGER/(30569:30571): Grado de multiprogramación permite agregar proceso a ready

[INFO] 02:49:37:942 LOGGER/(30569:30571): PID: 1 - Estado Anterior: 0 - Estado Actual: 1
[INFO] 02:49:37:944 LOGGER/(30569:30572): PID: 1 - Estado Anterior: 1 - Estado Actual: 3
[INFO] 02:54:22:806 LOGGER/(32018:32018): Conexion establecida con Memoria
[INFO] 02:54:22:830 LOGGER/(32018:32018): Conexion establecida con Dispatcher
[INFO] 02:54:22:832 LOGGER/(32018:32018): Conexion establecida con Interrupt
[INFO] 02:54:22:877 LOGGER/(32018:32018): Servidor iniciado, esperando conexiones!
[INFO] 02:54:31:206 LOGGER/(32018:32029): Se armo un paquete con este PATH: /script_solo_cpu_1

[INFO] 02:56:08:426 LOGGER/(33088:33088): Conexion establecida con Memoria
[INFO] 02:56:08:486 LOGGER/(33088:33088): Conexion establecida con Dispatcher
[INFO] 02:56:08:490 LOGGER/(33088:33088): Conexion establecida con Interrupt
[INFO] 02:56:08:574 LOGGER/(33088:33088): Servidor iniciado, esperando conexiones!
[INFO] 02:56:17:203 LOGGER/(33088:33097): Se armo un paquete con este PATH: /script_solo_cpu_5

[INFO] 02:56:27:209 LOGGER/(33088:33097): Se crea el proceso: 1 en NEW
[INFO] 02:56:27:210 LOGGER/(33088:33090): Hay proceso esperando en la cola de NEW!

[INFO] 02:56:27:211 LOGGER/(33088:33090): Grado de multiprogramación permite agregar proceso a ready

[INFO] 02:56:27:211 LOGGER/(33088:33090): PID: 1 - Estado Anterior: 0 - Estado Actual: 1
[INFO] 02:56:27:214 LOGGER/(33088:33091): PID: 1 - Estado Anterior: 1 - Estado Actual: 3
[INFO] 03:07:06:574 LOGGER/(35174:35174): Conexion establecida con Memoria
[INFO] 03:07:06:645 LOGGER/(35174:35174): Conexion establecida con Dispatcher
[INFO] 03:07:06:647 LOGGER/(35174:35174): Conexion establecida con Interrupt
[INFO] 03:07:06:710 LOGGER/(35174:35174): Servidor iniciado, esperando conexiones!
[INFO] 03:07:12:046 LOGGER/(35174:35195): Se armo un paquete con este PATH: /script_solo_cpu_5

[INFO] 03:07:22:058 LOGGER/(35174:35195): Se crea el proceso: 1 en NEW
[INFO] 03:07:22:059 LOGGER/(35174:35190): Hay proceso esperando en la cola de NEW!

[INFO] 03:07:22:059 LOGGER/(35174:35190): Grado de multiprogramación permite agregar proceso a ready

[INFO] 03:07:22:060 LOGGER/(35174:35190): PID: 1 - Estado Anterior: 0 - Estado Actual: 1
[INFO] 03:07:22:063 LOGGER/(35174:35191): PID: 1 - Estado Anterior: 1 - Estado Actual: 3
[INFO] 03:15:05:423 LOGGER/(36204:36204): Conexion establecida con Memoria
[INFO] 03:15:05:477 LOGGER/(36204:36204): Conexion establecida con Dispatcher
[INFO] 03:15:05:479 LOGGER/(36204:36204): Conexion establecida con Interrupt
[INFO] 03:15:05:544 LOGGER/(36204:36204): Servidor iniciado, esperando conexiones!
[INFO] 03:20:15:707 LOGGER/(37052:37052): Conexion establecida con Memoria
[INFO] 03:20:15:743 LOGGER/(37052:37052): Conexion establecida con Dispatcher
[INFO] 03:20:15:746 LOGGER/(37052:37052): Conexion establecida con Interrupt
[INFO] 03:20:15:790 LOGGER/(37052:37052): Servidor iniciado, esperando conexiones!
[INFO] 03:20:27:969 LOGGER/(37052:37057): Se armo un paquete con este PATH: /script_solo_cpu_5

[INFO] 03:20:37:980 LOGGER/(37052:37057): Se crea el proceso: 1 en NEW
[INFO] 03:20:37:981 LOGGER/(37052:37054): Hay proceso esperando en la cola de NEW!

[INFO] 03:20:37:982 LOGGER/(37052:37054): Grado de multiprogramación permite agregar proceso a ready

[INFO] 03:20:37:983 LOGGER/(37052:37054): PID: 1 - Estado Anterior: 0 - Estado Actual: 1
[INFO] 03:20:37:986 LOGGER/(37052:37055): PID: 1 - Estado Anterior: 1 - Estado Actual: 3
[INFO] 03:20:45:038 LOGGER/(37052:37055): PID: 1 - Estado Anterior: 3 - Estado Actual: 4
[INFO] 03:23:12:353 LOGGER/(37937:37937): Conexion establecida con Memoria
[INFO] 03:23:12:395 LOGGER/(37937:37937): Conexion establecida con Dispatcher
[INFO] 03:23:12:397 LOGGER/(37937:37937): Conexion establecida con Interrupt
[INFO] 03:23:12:445 LOGGER/(37937:37937): Servidor iniciado, esperando conexiones!
[INFO] 03:27:42:042 LOGGER/(37937:37950): Se armo un paquete con este PATH: /script_solo_cpu_5

[INFO] 03:27:52:052 LOGGER/(37937:37950): Se crea el proceso: 1 en NEW
[INFO] 03:27:52:053 LOGGER/(37937:37947): Hay proceso esperando en la cola de NEW!

[INFO] 03:27:52:053 LOGGER/(37937:37947): Grado de multiprogramación permite agregar proceso a ready

[INFO] 03:27:52:054 LOGGER/(37937:37947): PID: 1 - Estado Anterior: 0 - Estado Actual: 1
[INFO] 03:27:52:056 LOGGER/(37937:37948): PID: 1 - Estado Anterior: 1 - Estado Actual: 3
[INFO] 03:27:59:108 LOGGER/(37937:37948): PID: 1 - Estado Anterior: 3 - Estado Actual: 4
